2023-12-31 19:46:39.430 +05:30 [INF] User profile is available. Using 'C:\Users\Arularasi\AppData\Local\ASP.NET\DataProtection-Keys' as key repository and Windows DPAPI to encrypt keys at rest.
2023-12-31 19:46:39.552 +05:30 [INF] Now listening on: http://localhost:5038
2023-12-31 19:46:39.557 +05:30 [INF] Application started. Press Ctrl+C to shut down.
2023-12-31 19:46:39.557 +05:30 [INF] Hosting environment: Development
2023-12-31 19:46:39.558 +05:30 [INF] Content root path: C:\Users\Arularasi\Google Drive\MY FILES\Aspire Systems\Angular\Code\Application\Asp.Net Web API\FoodOrderingSystemAPI
2023-12-31 19:46:41.281 +05:30 [INF] Request starting HTTP/1.1 GET http://localhost:5038/swagger/index.html - -
2023-12-31 19:46:41.676 +05:30 [INF] Request finished HTTP/1.1 GET http://localhost:5038/swagger/index.html - - - 200 - text/html;charset=utf-8 407.9705ms
2023-12-31 19:46:41.707 +05:30 [INF] Request starting HTTP/1.1 GET http://localhost:5038/_framework/aspnetcore-browser-refresh.js - -
2023-12-31 19:46:41.713 +05:30 [INF] Request finished HTTP/1.1 GET http://localhost:5038/_framework/aspnetcore-browser-refresh.js - - - 200 11966 application/javascript;+charset=utf-8 5.9458ms
2023-12-31 19:46:41.981 +05:30 [INF] Request starting HTTP/1.1 GET http://localhost:5038/swagger/v1/swagger.json - -
2023-12-31 19:46:42.194 +05:30 [INF] Request finished HTTP/1.1 GET http://localhost:5038/swagger/v1/swagger.json - - - 200 - application/json;charset=utf-8 213.1216ms
2023-12-31 19:47:29.611 +05:30 [INF] Request starting HTTP/1.1 GET http://localhost:5038/api/Menu/Gallery - -
2023-12-31 19:47:29.676 +05:30 [WRN] Failed to determine the https port for redirect.
2023-12-31 19:47:29.970 +05:30 [INF] CORS policy execution successful.
2023-12-31 19:47:29.974 +05:30 [INF] Executing endpoint 'FoodOrderingSystemAPI.Controllers.MenuController.GetGalleryItemsAsync (FoodOrderingSystemAPI)'
2023-12-31 19:47:30.313 +05:30 [INF] Route matched with {action = "GetGalleryItems", controller = "Menu"}. Executing controller action with signature System.Threading.Tasks.Task`1[Microsoft.AspNetCore.Mvc.IActionResult] GetGalleryItemsAsync() on controller FoodOrderingSystemAPI.Controllers.MenuController (FoodOrderingSystemAPI).
2023-12-31 19:47:37.010 +05:30 [INF] Executed DbCommand (169ms) [Parameters=[], CommandType='"Text"', CommandTimeout='30']
SELECT [f].[id], [f].[FoodCategoryname], [f].[IsInGallery], [f].[calories], [f].[category], [f].[description], [f].[imageUrl], [f].[isVegan], [f].[name], [f].[price]
FROM [FoodItems] AS [f]
WHERE [f].[IsInGallery] = CAST(1 AS bit)
2023-12-31 19:47:37.355 +05:30 [INF] Executing OkObjectResult, writing value of type 'System.Collections.Generic.List`1[[FoodOrderingSystemAPI.Models.FoodItem, FoodOrderingSystemAPI, Version=1.0.0.0, Culture=neutral, PublicKeyToken=null]]'.
2023-12-31 19:47:37.497 +05:30 [INF] Executed action FoodOrderingSystemAPI.Controllers.MenuController.GetGalleryItemsAsync (FoodOrderingSystemAPI) in 7167.4205ms
2023-12-31 19:47:37.497 +05:30 [INF] Executed endpoint 'FoodOrderingSystemAPI.Controllers.MenuController.GetGalleryItemsAsync (FoodOrderingSystemAPI)'
2023-12-31 19:47:37.534 +05:30 [INF] Request finished HTTP/1.1 GET http://localhost:5038/api/Menu/Gallery - - - 200 - application/json;+charset=utf-8 7922.6984ms
2023-12-31 19:47:37.535 +05:30 [INF] Request starting HTTP/1.1 OPTIONS http://localhost:5038/api/logs - -
2023-12-31 19:47:37.553 +05:30 [INF] CORS policy execution successful.
2023-12-31 19:47:37.555 +05:30 [INF] Request finished HTTP/1.1 OPTIONS http://localhost:5038/api/logs - - - 204 - - 19.9374ms
2023-12-31 19:47:37.557 +05:30 [INF] Request starting HTTP/1.1 POST http://localhost:5038/api/logs application/json 90
2023-12-31 19:47:37.583 +05:30 [INF] CORS policy execution successful.
2023-12-31 19:47:37.583 +05:30 [INF] Executing endpoint 'LogsController.LogMessage (FoodOrderingSystemAPI)'
2023-12-31 19:47:37.598 +05:30 [INF] Route matched with {action = "LogMessage", controller = "Logs"}. Executing controller action with signature Microsoft.AspNetCore.Mvc.IActionResult LogMessage(FoodOrderingSystemAPI.Models.LogModel) on controller LogsController (FoodOrderingSystemAPI).
2023-12-31 19:47:38.020 +05:30 [INF] LogMessage: Fetched gallery items successfully., Severity: Information
2023-12-31 19:47:38.039 +05:30 [INF] Executing StatusCodeResult, setting HTTP status code 200
2023-12-31 19:47:38.040 +05:30 [INF] Executed action LogsController.LogMessage (FoodOrderingSystemAPI) in 441.8004ms
2023-12-31 19:47:38.040 +05:30 [INF] Executed endpoint 'LogsController.LogMessage (FoodOrderingSystemAPI)'
2023-12-31 19:47:38.041 +05:30 [INF] Request finished HTTP/1.1 POST http://localhost:5038/api/logs application/json 90 - 200 0 - 483.4086ms
2023-12-31 19:48:01.939 +05:30 [INF] Request starting HTTP/1.1 GET http://localhost:5038/api/Menu/Gallery - -
2023-12-31 19:48:01.946 +05:30 [INF] CORS policy execution successful.
2023-12-31 19:48:01.963 +05:30 [INF] Executing endpoint 'FoodOrderingSystemAPI.Controllers.MenuController.GetGalleryItemsAsync (FoodOrderingSystemAPI)'
2023-12-31 19:48:01.966 +05:30 [INF] Route matched with {action = "GetGalleryItems", controller = "Menu"}. Executing controller action with signature System.Threading.Tasks.Task`1[Microsoft.AspNetCore.Mvc.IActionResult] GetGalleryItemsAsync() on controller FoodOrderingSystemAPI.Controllers.MenuController (FoodOrderingSystemAPI).
2023-12-31 19:48:02.136 +05:30 [INF] Executed DbCommand (4ms) [Parameters=[], CommandType='"Text"', CommandTimeout='30']
SELECT [f].[id], [f].[FoodCategoryname], [f].[IsInGallery], [f].[calories], [f].[category], [f].[description], [f].[imageUrl], [f].[isVegan], [f].[name], [f].[price]
FROM [FoodItems] AS [f]
WHERE [f].[IsInGallery] = CAST(1 AS bit)
2023-12-31 19:48:02.155 +05:30 [INF] Executing OkObjectResult, writing value of type 'System.Collections.Generic.List`1[[FoodOrderingSystemAPI.Models.FoodItem, FoodOrderingSystemAPI, Version=1.0.0.0, Culture=neutral, PublicKeyToken=null]]'.
2023-12-31 19:48:02.200 +05:30 [INF] Executed action FoodOrderingSystemAPI.Controllers.MenuController.GetGalleryItemsAsync (FoodOrderingSystemAPI) in 234.0524ms
2023-12-31 19:48:02.201 +05:30 [INF] Executed endpoint 'FoodOrderingSystemAPI.Controllers.MenuController.GetGalleryItemsAsync (FoodOrderingSystemAPI)'
2023-12-31 19:48:02.203 +05:30 [INF] Request finished HTTP/1.1 GET http://localhost:5038/api/Menu/Gallery - - - 200 - application/json;+charset=utf-8 263.6322ms
2023-12-31 19:48:02.206 +05:30 [INF] Request starting HTTP/1.1 OPTIONS http://localhost:5038/api/logs - -
2023-12-31 19:48:02.206 +05:30 [INF] CORS policy execution successful.
2023-12-31 19:48:02.209 +05:30 [INF] Request finished HTTP/1.1 OPTIONS http://localhost:5038/api/logs - - - 204 - - 3.3946ms
2023-12-31 19:48:02.213 +05:30 [INF] Request starting HTTP/1.1 POST http://localhost:5038/api/logs application/json 90
2023-12-31 19:48:02.214 +05:30 [INF] CORS policy execution successful.
2023-12-31 19:48:02.214 +05:30 [INF] Executing endpoint 'LogsController.LogMessage (FoodOrderingSystemAPI)'
2023-12-31 19:48:02.214 +05:30 [INF] Route matched with {action = "LogMessage", controller = "Logs"}. Executing controller action with signature Microsoft.AspNetCore.Mvc.IActionResult LogMessage(FoodOrderingSystemAPI.Models.LogModel) on controller LogsController (FoodOrderingSystemAPI).
2023-12-31 19:48:02.219 +05:30 [INF] LogMessage: Fetched gallery items successfully., Severity: Information
2023-12-31 19:48:02.220 +05:30 [INF] Executing StatusCodeResult, setting HTTP status code 200
2023-12-31 19:48:02.220 +05:30 [INF] Executed action LogsController.LogMessage (FoodOrderingSystemAPI) in 6.4379ms
2023-12-31 19:48:02.220 +05:30 [INF] Executed endpoint 'LogsController.LogMessage (FoodOrderingSystemAPI)'
2023-12-31 19:48:02.221 +05:30 [INF] Request finished HTTP/1.1 POST http://localhost:5038/api/logs application/json 90 - 200 0 - 7.5272ms
2023-12-31 20:01:12.979 +05:30 [INF] Request starting HTTP/1.1 GET http://localhost:5038/api/Menu/Gallery - -
2023-12-31 20:01:12.981 +05:30 [INF] CORS policy execution successful.
2023-12-31 20:01:12.981 +05:30 [INF] Executing endpoint 'FoodOrderingSystemAPI.Controllers.MenuController.GetGalleryItemsAsync (FoodOrderingSystemAPI)'
2023-12-31 20:01:12.982 +05:30 [INF] Route matched with {action = "GetGalleryItems", controller = "Menu"}. Executing controller action with signature System.Threading.Tasks.Task`1[Microsoft.AspNetCore.Mvc.IActionResult] GetGalleryItemsAsync() on controller FoodOrderingSystemAPI.Controllers.MenuController (FoodOrderingSystemAPI).
2023-12-31 20:01:13.748 +05:30 [INF] Executed DbCommand (18ms) [Parameters=[], CommandType='"Text"', CommandTimeout='30']
SELECT [f].[id], [f].[FoodCategoryname], [f].[IsInGallery], [f].[calories], [f].[category], [f].[description], [f].[imageUrl], [f].[isVegan], [f].[name], [f].[price]
FROM [FoodItems] AS [f]
WHERE [f].[IsInGallery] = CAST(1 AS bit)
2023-12-31 20:01:13.782 +05:30 [INF] Executing OkObjectResult, writing value of type 'System.Collections.Generic.List`1[[FoodOrderingSystemAPI.Models.FoodItem, FoodOrderingSystemAPI, Version=1.0.0.0, Culture=neutral, PublicKeyToken=null]]'.
2023-12-31 20:01:13.813 +05:30 [INF] Executed action FoodOrderingSystemAPI.Controllers.MenuController.GetGalleryItemsAsync (FoodOrderingSystemAPI) in 831.7807ms
2023-12-31 20:01:13.814 +05:30 [INF] Executed endpoint 'FoodOrderingSystemAPI.Controllers.MenuController.GetGalleryItemsAsync (FoodOrderingSystemAPI)'
2023-12-31 20:01:13.814 +05:30 [INF] Request finished HTTP/1.1 GET http://localhost:5038/api/Menu/Gallery - - - 200 - application/json;+charset=utf-8 835.4197ms
2023-12-31 20:01:13.832 +05:30 [INF] Request starting HTTP/1.1 OPTIONS http://localhost:5038/api/logs - -
2023-12-31 20:01:13.833 +05:30 [INF] CORS policy execution successful.
2023-12-31 20:01:13.833 +05:30 [INF] Request finished HTTP/1.1 OPTIONS http://localhost:5038/api/logs - - - 204 - - 0.6449ms
2023-12-31 20:01:13.836 +05:30 [INF] Request starting HTTP/1.1 POST http://localhost:5038/api/logs application/json 90
2023-12-31 20:01:13.837 +05:30 [INF] CORS policy execution successful.
2023-12-31 20:01:13.837 +05:30 [INF] Executing endpoint 'LogsController.LogMessage (FoodOrderingSystemAPI)'
2023-12-31 20:01:13.837 +05:30 [INF] Route matched with {action = "LogMessage", controller = "Logs"}. Executing controller action with signature Microsoft.AspNetCore.Mvc.IActionResult LogMessage(FoodOrderingSystemAPI.Models.LogModel) on controller LogsController (FoodOrderingSystemAPI).
2023-12-31 20:01:13.840 +05:30 [INF] LogMessage: Fetched gallery items successfully., Severity: Information
2023-12-31 20:01:13.840 +05:30 [INF] Executing StatusCodeResult, setting HTTP status code 200
2023-12-31 20:01:13.840 +05:30 [INF] Executed action LogsController.LogMessage (FoodOrderingSystemAPI) in 3.5504ms
2023-12-31 20:01:13.841 +05:30 [INF] Executed endpoint 'LogsController.LogMessage (FoodOrderingSystemAPI)'
2023-12-31 20:01:13.842 +05:30 [INF] Request finished HTTP/1.1 POST http://localhost:5038/api/logs application/json 90 - 200 0 - 4.9827ms
2023-12-31 20:01:21.485 +05:30 [INF] Request starting HTTP/1.1 GET http://localhost:5038/api/Menu/Gallery - -
2023-12-31 20:01:21.485 +05:30 [INF] CORS policy execution successful.
2023-12-31 20:01:21.486 +05:30 [INF] Executing endpoint 'FoodOrderingSystemAPI.Controllers.MenuController.GetGalleryItemsAsync (FoodOrderingSystemAPI)'
2023-12-31 20:01:21.486 +05:30 [INF] Route matched with {action = "GetGalleryItems", controller = "Menu"}. Executing controller action with signature System.Threading.Tasks.Task`1[Microsoft.AspNetCore.Mvc.IActionResult] GetGalleryItemsAsync() on controller FoodOrderingSystemAPI.Controllers.MenuController (FoodOrderingSystemAPI).
2023-12-31 20:01:21.488 +05:30 [INF] Executed DbCommand (1ms) [Parameters=[], CommandType='"Text"', CommandTimeout='30']
SELECT [f].[id], [f].[FoodCategoryname], [f].[IsInGallery], [f].[calories], [f].[category], [f].[description], [f].[imageUrl], [f].[isVegan], [f].[name], [f].[price]
FROM [FoodItems] AS [f]
WHERE [f].[IsInGallery] = CAST(1 AS bit)
2023-12-31 20:01:21.500 +05:30 [INF] Executing OkObjectResult, writing value of type 'System.Collections.Generic.List`1[[FoodOrderingSystemAPI.Models.FoodItem, FoodOrderingSystemAPI, Version=1.0.0.0, Culture=neutral, PublicKeyToken=null]]'.
2023-12-31 20:01:21.502 +05:30 [INF] Executed action FoodOrderingSystemAPI.Controllers.MenuController.GetGalleryItemsAsync (FoodOrderingSystemAPI) in 16.1757ms
2023-12-31 20:01:21.502 +05:30 [INF] Executed endpoint 'FoodOrderingSystemAPI.Controllers.MenuController.GetGalleryItemsAsync (FoodOrderingSystemAPI)'
2023-12-31 20:01:21.502 +05:30 [INF] Request finished HTTP/1.1 GET http://localhost:5038/api/Menu/Gallery - - - 200 - application/json;+charset=utf-8 17.2894ms
2023-12-31 20:01:21.569 +05:30 [INF] Request starting HTTP/1.1 OPTIONS http://localhost:5038/api/logs - -
2023-12-31 20:01:21.569 +05:30 [INF] CORS policy execution successful.
2023-12-31 20:01:21.570 +05:30 [INF] Request finished HTTP/1.1 OPTIONS http://localhost:5038/api/logs - - - 204 - - 1.0795ms
2023-12-31 20:01:21.572 +05:30 [INF] Request starting HTTP/1.1 POST http://localhost:5038/api/logs application/json 90
2023-12-31 20:01:21.573 +05:30 [INF] CORS policy execution successful.
2023-12-31 20:01:21.573 +05:30 [INF] Executing endpoint 'LogsController.LogMessage (FoodOrderingSystemAPI)'
2023-12-31 20:01:21.574 +05:30 [INF] Route matched with {action = "LogMessage", controller = "Logs"}. Executing controller action with signature Microsoft.AspNetCore.Mvc.IActionResult LogMessage(FoodOrderingSystemAPI.Models.LogModel) on controller LogsController (FoodOrderingSystemAPI).
2023-12-31 20:01:21.575 +05:30 [INF] LogMessage: Fetched gallery items successfully., Severity: Information
2023-12-31 20:01:21.575 +05:30 [INF] Executing StatusCodeResult, setting HTTP status code 200
2023-12-31 20:01:21.575 +05:30 [INF] Executed action LogsController.LogMessage (FoodOrderingSystemAPI) in 0.8872ms
2023-12-31 20:01:21.575 +05:30 [INF] Executed endpoint 'LogsController.LogMessage (FoodOrderingSystemAPI)'
2023-12-31 20:01:21.575 +05:30 [INF] Request finished HTTP/1.1 POST http://localhost:5038/api/logs application/json 90 - 200 0 - 3.3675ms
2023-12-31 20:02:39.346 +05:30 [INF] Request starting HTTP/1.1 GET http://localhost:5038/api/Menu/Gallery - -
2023-12-31 20:02:39.346 +05:30 [INF] CORS policy execution successful.
2023-12-31 20:02:39.346 +05:30 [INF] Executing endpoint 'FoodOrderingSystemAPI.Controllers.MenuController.GetGalleryItemsAsync (FoodOrderingSystemAPI)'
2023-12-31 20:02:39.346 +05:30 [INF] Route matched with {action = "GetGalleryItems", controller = "Menu"}. Executing controller action with signature System.Threading.Tasks.Task`1[Microsoft.AspNetCore.Mvc.IActionResult] GetGalleryItemsAsync() on controller FoodOrderingSystemAPI.Controllers.MenuController (FoodOrderingSystemAPI).
2023-12-31 20:02:39.360 +05:30 [INF] Executed DbCommand (11ms) [Parameters=[], CommandType='"Text"', CommandTimeout='30']
SELECT [f].[id], [f].[FoodCategoryname], [f].[IsInGallery], [f].[calories], [f].[category], [f].[description], [f].[imageUrl], [f].[isVegan], [f].[name], [f].[price]
FROM [FoodItems] AS [f]
WHERE [f].[IsInGallery] = CAST(1 AS bit)
2023-12-31 20:02:39.365 +05:30 [INF] Executing OkObjectResult, writing value of type 'System.Collections.Generic.List`1[[FoodOrderingSystemAPI.Models.FoodItem, FoodOrderingSystemAPI, Version=1.0.0.0, Culture=neutral, PublicKeyToken=null]]'.
2023-12-31 20:02:39.366 +05:30 [INF] Executed action FoodOrderingSystemAPI.Controllers.MenuController.GetGalleryItemsAsync (FoodOrderingSystemAPI) in 19.9596ms
2023-12-31 20:02:39.367 +05:30 [INF] Executed endpoint 'FoodOrderingSystemAPI.Controllers.MenuController.GetGalleryItemsAsync (FoodOrderingSystemAPI)'
2023-12-31 20:02:39.367 +05:30 [INF] Request finished HTTP/1.1 GET http://localhost:5038/api/Menu/Gallery - - - 200 - application/json;+charset=utf-8 21.3464ms
2023-12-31 20:02:39.400 +05:30 [INF] Request starting HTTP/1.1 OPTIONS http://localhost:5038/api/logs - -
2023-12-31 20:02:39.401 +05:30 [INF] CORS policy execution successful.
2023-12-31 20:02:39.401 +05:30 [INF] Request finished HTTP/1.1 OPTIONS http://localhost:5038/api/logs - - - 204 - - 0.6270ms
2023-12-31 20:02:39.403 +05:30 [INF] Request starting HTTP/1.1 POST http://localhost:5038/api/logs application/json 90
2023-12-31 20:02:39.404 +05:30 [INF] CORS policy execution successful.
2023-12-31 20:02:39.405 +05:30 [INF] Executing endpoint 'LogsController.LogMessage (FoodOrderingSystemAPI)'
2023-12-31 20:02:39.405 +05:30 [INF] Route matched with {action = "LogMessage", controller = "Logs"}. Executing controller action with signature Microsoft.AspNetCore.Mvc.IActionResult LogMessage(FoodOrderingSystemAPI.Models.LogModel) on controller LogsController (FoodOrderingSystemAPI).
2023-12-31 20:02:39.410 +05:30 [INF] LogMessage: Fetched gallery items successfully., Severity: Information
2023-12-31 20:02:39.410 +05:30 [INF] Executing StatusCodeResult, setting HTTP status code 200
2023-12-31 20:02:39.410 +05:30 [INF] Executed action LogsController.LogMessage (FoodOrderingSystemAPI) in 3.8998ms
2023-12-31 20:02:39.411 +05:30 [INF] Executed endpoint 'LogsController.LogMessage (FoodOrderingSystemAPI)'
2023-12-31 20:02:39.411 +05:30 [INF] Request finished HTTP/1.1 POST http://localhost:5038/api/logs application/json 90 - 200 0 - 7.6092ms
2023-12-31 20:02:56.302 +05:30 [INF] Request starting HTTP/1.1 GET http://localhost:5038/api/Menu/Gallery - -
2023-12-31 20:02:56.303 +05:30 [INF] CORS policy execution successful.
2023-12-31 20:02:56.303 +05:30 [INF] Executing endpoint 'FoodOrderingSystemAPI.Controllers.MenuController.GetGalleryItemsAsync (FoodOrderingSystemAPI)'
2023-12-31 20:02:56.305 +05:30 [INF] Route matched with {action = "GetGalleryItems", controller = "Menu"}. Executing controller action with signature System.Threading.Tasks.Task`1[Microsoft.AspNetCore.Mvc.IActionResult] GetGalleryItemsAsync() on controller FoodOrderingSystemAPI.Controllers.MenuController (FoodOrderingSystemAPI).
2023-12-31 20:02:56.323 +05:30 [INF] Executed DbCommand (7ms) [Parameters=[], CommandType='"Text"', CommandTimeout='30']
SELECT [f].[id], [f].[FoodCategoryname], [f].[IsInGallery], [f].[calories], [f].[category], [f].[description], [f].[imageUrl], [f].[isVegan], [f].[name], [f].[price]
FROM [FoodItems] AS [f]
WHERE [f].[IsInGallery] = CAST(1 AS bit)
2023-12-31 20:02:56.350 +05:30 [INF] Executing OkObjectResult, writing value of type 'System.Collections.Generic.List`1[[FoodOrderingSystemAPI.Models.FoodItem, FoodOrderingSystemAPI, Version=1.0.0.0, Culture=neutral, PublicKeyToken=null]]'.
2023-12-31 20:02:56.351 +05:30 [INF] Executed action FoodOrderingSystemAPI.Controllers.MenuController.GetGalleryItemsAsync (FoodOrderingSystemAPI) in 45.8163ms
2023-12-31 20:02:56.351 +05:30 [INF] Executed endpoint 'FoodOrderingSystemAPI.Controllers.MenuController.GetGalleryItemsAsync (FoodOrderingSystemAPI)'
2023-12-31 20:02:56.352 +05:30 [INF] Request finished HTTP/1.1 GET http://localhost:5038/api/Menu/Gallery - - - 200 - application/json;+charset=utf-8 49.3041ms
2023-12-31 20:02:56.374 +05:30 [INF] Request starting HTTP/1.1 OPTIONS http://localhost:5038/api/logs - -
2023-12-31 20:02:56.374 +05:30 [INF] CORS policy execution successful.
2023-12-31 20:02:56.377 +05:30 [INF] Request finished HTTP/1.1 OPTIONS http://localhost:5038/api/logs - - - 204 - - 2.8247ms
2023-12-31 20:02:56.378 +05:30 [INF] Request starting HTTP/1.1 POST http://localhost:5038/api/logs application/json 90
2023-12-31 20:02:56.381 +05:30 [INF] CORS policy execution successful.
2023-12-31 20:02:56.381 +05:30 [INF] Executing endpoint 'LogsController.LogMessage (FoodOrderingSystemAPI)'
2023-12-31 20:02:56.382 +05:30 [INF] Route matched with {action = "LogMessage", controller = "Logs"}. Executing controller action with signature Microsoft.AspNetCore.Mvc.IActionResult LogMessage(FoodOrderingSystemAPI.Models.LogModel) on controller LogsController (FoodOrderingSystemAPI).
2023-12-31 20:02:56.386 +05:30 [INF] LogMessage: Fetched gallery items successfully., Severity: Information
2023-12-31 20:02:56.387 +05:30 [INF] Executing StatusCodeResult, setting HTTP status code 200
2023-12-31 20:02:56.388 +05:30 [INF] Executed action LogsController.LogMessage (FoodOrderingSystemAPI) in 5.25ms
2023-12-31 20:02:56.388 +05:30 [INF] Executed endpoint 'LogsController.LogMessage (FoodOrderingSystemAPI)'
2023-12-31 20:02:56.390 +05:30 [INF] Request finished HTTP/1.1 POST http://localhost:5038/api/logs application/json 90 - 200 0 - 11.6776ms
2023-12-31 20:05:53.538 +05:30 [INF] Request starting HTTP/1.1 GET http://localhost:5038/api/Menu/Gallery - -
2023-12-31 20:05:53.538 +05:30 [INF] CORS policy execution successful.
2023-12-31 20:05:53.538 +05:30 [INF] Executing endpoint 'FoodOrderingSystemAPI.Controllers.MenuController.GetGalleryItemsAsync (FoodOrderingSystemAPI)'
2023-12-31 20:05:53.539 +05:30 [INF] Route matched with {action = "GetGalleryItems", controller = "Menu"}. Executing controller action with signature System.Threading.Tasks.Task`1[Microsoft.AspNetCore.Mvc.IActionResult] GetGalleryItemsAsync() on controller FoodOrderingSystemAPI.Controllers.MenuController (FoodOrderingSystemAPI).
2023-12-31 20:05:53.546 +05:30 [INF] Executed DbCommand (5ms) [Parameters=[], CommandType='"Text"', CommandTimeout='30']
SELECT [f].[id], [f].[FoodCategoryname], [f].[IsInGallery], [f].[calories], [f].[category], [f].[description], [f].[imageUrl], [f].[isVegan], [f].[name], [f].[price]
FROM [FoodItems] AS [f]
WHERE [f].[IsInGallery] = CAST(1 AS bit)
2023-12-31 20:05:53.552 +05:30 [INF] Executing OkObjectResult, writing value of type 'System.Collections.Generic.List`1[[FoodOrderingSystemAPI.Models.FoodItem, FoodOrderingSystemAPI, Version=1.0.0.0, Culture=neutral, PublicKeyToken=null]]'.
2023-12-31 20:05:53.553 +05:30 [INF] Executed action FoodOrderingSystemAPI.Controllers.MenuController.GetGalleryItemsAsync (FoodOrderingSystemAPI) in 14.4281ms
2023-12-31 20:05:53.553 +05:30 [INF] Executed endpoint 'FoodOrderingSystemAPI.Controllers.MenuController.GetGalleryItemsAsync (FoodOrderingSystemAPI)'
2023-12-31 20:05:53.554 +05:30 [INF] Request finished HTTP/1.1 GET http://localhost:5038/api/Menu/Gallery - - - 200 - application/json;+charset=utf-8 15.9461ms
2023-12-31 20:05:53.589 +05:30 [INF] Request starting HTTP/1.1 OPTIONS http://localhost:5038/api/logs - -
2023-12-31 20:05:53.590 +05:30 [INF] CORS policy execution successful.
2023-12-31 20:05:53.592 +05:30 [INF] Request finished HTTP/1.1 OPTIONS http://localhost:5038/api/logs - - - 204 - - 2.6502ms
2023-12-31 20:05:53.594 +05:30 [INF] Request starting HTTP/1.1 POST http://localhost:5038/api/logs application/json 90
2023-12-31 20:05:53.595 +05:30 [INF] CORS policy execution successful.
2023-12-31 20:05:53.595 +05:30 [INF] Executing endpoint 'LogsController.LogMessage (FoodOrderingSystemAPI)'
2023-12-31 20:05:53.595 +05:30 [INF] Route matched with {action = "LogMessage", controller = "Logs"}. Executing controller action with signature Microsoft.AspNetCore.Mvc.IActionResult LogMessage(FoodOrderingSystemAPI.Models.LogModel) on controller LogsController (FoodOrderingSystemAPI).
2023-12-31 20:05:53.597 +05:30 [INF] LogMessage: Fetched gallery items successfully., Severity: Information
2023-12-31 20:05:53.597 +05:30 [INF] Executing StatusCodeResult, setting HTTP status code 200
2023-12-31 20:05:53.598 +05:30 [INF] Executed action LogsController.LogMessage (FoodOrderingSystemAPI) in 2.823ms
2023-12-31 20:05:53.598 +05:30 [INF] Executed endpoint 'LogsController.LogMessage (FoodOrderingSystemAPI)'
2023-12-31 20:05:53.599 +05:30 [INF] Request finished HTTP/1.1 POST http://localhost:5038/api/logs application/json 90 - 200 0 - 4.9155ms
2023-12-31 20:06:28.687 +05:30 [INF] Request starting HTTP/1.1 GET http://localhost:5038/api/Menu/Gallery - -
2023-12-31 20:06:28.688 +05:30 [INF] CORS policy execution successful.
2023-12-31 20:06:28.688 +05:30 [INF] Executing endpoint 'FoodOrderingSystemAPI.Controllers.MenuController.GetGalleryItemsAsync (FoodOrderingSystemAPI)'
2023-12-31 20:06:28.688 +05:30 [INF] Route matched with {action = "GetGalleryItems", controller = "Menu"}. Executing controller action with signature System.Threading.Tasks.Task`1[Microsoft.AspNetCore.Mvc.IActionResult] GetGalleryItemsAsync() on controller FoodOrderingSystemAPI.Controllers.MenuController (FoodOrderingSystemAPI).
2023-12-31 20:06:28.696 +05:30 [INF] Executed DbCommand (6ms) [Parameters=[], CommandType='"Text"', CommandTimeout='30']
SELECT [f].[id], [f].[FoodCategoryname], [f].[IsInGallery], [f].[calories], [f].[category], [f].[description], [f].[imageUrl], [f].[isVegan], [f].[name], [f].[price]
FROM [FoodItems] AS [f]
WHERE [f].[IsInGallery] = CAST(1 AS bit)
2023-12-31 20:06:28.704 +05:30 [INF] Executing OkObjectResult, writing value of type 'System.Collections.Generic.List`1[[FoodOrderingSystemAPI.Models.FoodItem, FoodOrderingSystemAPI, Version=1.0.0.0, Culture=neutral, PublicKeyToken=null]]'.
2023-12-31 20:06:28.706 +05:30 [INF] Executed action FoodOrderingSystemAPI.Controllers.MenuController.GetGalleryItemsAsync (FoodOrderingSystemAPI) in 17.5279ms
2023-12-31 20:06:28.706 +05:30 [INF] Executed endpoint 'FoodOrderingSystemAPI.Controllers.MenuController.GetGalleryItemsAsync (FoodOrderingSystemAPI)'
2023-12-31 20:06:28.707 +05:30 [INF] Request finished HTTP/1.1 GET http://localhost:5038/api/Menu/Gallery - - - 200 - application/json;+charset=utf-8 19.5470ms
2023-12-31 20:06:28.784 +05:30 [INF] Request starting HTTP/1.1 OPTIONS http://localhost:5038/api/logs - -
2023-12-31 20:06:28.787 +05:30 [INF] CORS policy execution successful.
2023-12-31 20:06:28.787 +05:30 [INF] Request finished HTTP/1.1 OPTIONS http://localhost:5038/api/logs - - - 204 - - 3.5065ms
2023-12-31 20:06:28.789 +05:30 [INF] Request starting HTTP/1.1 POST http://localhost:5038/api/logs application/json 90
2023-12-31 20:06:28.789 +05:30 [INF] CORS policy execution successful.
2023-12-31 20:06:28.789 +05:30 [INF] Executing endpoint 'LogsController.LogMessage (FoodOrderingSystemAPI)'
2023-12-31 20:06:28.789 +05:30 [INF] Route matched with {action = "LogMessage", controller = "Logs"}. Executing controller action with signature Microsoft.AspNetCore.Mvc.IActionResult LogMessage(FoodOrderingSystemAPI.Models.LogModel) on controller LogsController (FoodOrderingSystemAPI).
2023-12-31 20:06:28.790 +05:30 [INF] LogMessage: Fetched gallery items successfully., Severity: Information
2023-12-31 20:06:28.790 +05:30 [INF] Executing StatusCodeResult, setting HTTP status code 200
2023-12-31 20:06:28.791 +05:30 [INF] Executed action LogsController.LogMessage (FoodOrderingSystemAPI) in 1.175ms
2023-12-31 20:06:28.792 +05:30 [INF] Executed endpoint 'LogsController.LogMessage (FoodOrderingSystemAPI)'
2023-12-31 20:06:28.792 +05:30 [INF] Request finished HTTP/1.1 POST http://localhost:5038/api/logs application/json 90 - 200 0 - 3.3592ms
2023-12-31 20:07:43.443 +05:30 [INF] Request starting HTTP/1.1 GET http://localhost:5038/api/Menu/Gallery - -
2023-12-31 20:07:43.444 +05:30 [INF] CORS policy execution successful.
2023-12-31 20:07:43.444 +05:30 [INF] Executing endpoint 'FoodOrderingSystemAPI.Controllers.MenuController.GetGalleryItemsAsync (FoodOrderingSystemAPI)'
2023-12-31 20:07:43.444 +05:30 [INF] Route matched with {action = "GetGalleryItems", controller = "Menu"}. Executing controller action with signature System.Threading.Tasks.Task`1[Microsoft.AspNetCore.Mvc.IActionResult] GetGalleryItemsAsync() on controller FoodOrderingSystemAPI.Controllers.MenuController (FoodOrderingSystemAPI).
2023-12-31 20:07:43.453 +05:30 [INF] Executed DbCommand (6ms) [Parameters=[], CommandType='"Text"', CommandTimeout='30']
SELECT [f].[id], [f].[FoodCategoryname], [f].[IsInGallery], [f].[calories], [f].[category], [f].[description], [f].[imageUrl], [f].[isVegan], [f].[name], [f].[price]
FROM [FoodItems] AS [f]
WHERE [f].[IsInGallery] = CAST(1 AS bit)
2023-12-31 20:07:43.459 +05:30 [INF] Executing OkObjectResult, writing value of type 'System.Collections.Generic.List`1[[FoodOrderingSystemAPI.Models.FoodItem, FoodOrderingSystemAPI, Version=1.0.0.0, Culture=neutral, PublicKeyToken=null]]'.
2023-12-31 20:07:43.461 +05:30 [INF] Executed action FoodOrderingSystemAPI.Controllers.MenuController.GetGalleryItemsAsync (FoodOrderingSystemAPI) in 16.2588ms
2023-12-31 20:07:43.461 +05:30 [INF] Executed endpoint 'FoodOrderingSystemAPI.Controllers.MenuController.GetGalleryItemsAsync (FoodOrderingSystemAPI)'
2023-12-31 20:07:43.461 +05:30 [INF] Request finished HTTP/1.1 GET http://localhost:5038/api/Menu/Gallery - - - 200 - application/json;+charset=utf-8 18.3662ms
2023-12-31 20:07:43.506 +05:30 [INF] Request starting HTTP/1.1 OPTIONS http://localhost:5038/api/logs - -
2023-12-31 20:07:43.506 +05:30 [INF] CORS policy execution successful.
2023-12-31 20:07:43.506 +05:30 [INF] Request finished HTTP/1.1 OPTIONS http://localhost:5038/api/logs - - - 204 - - 0.8958ms
2023-12-31 20:07:43.508 +05:30 [INF] Request starting HTTP/1.1 POST http://localhost:5038/api/logs application/json 90
2023-12-31 20:07:43.508 +05:30 [INF] CORS policy execution successful.
2023-12-31 20:07:43.508 +05:30 [INF] Executing endpoint 'LogsController.LogMessage (FoodOrderingSystemAPI)'
2023-12-31 20:07:43.508 +05:30 [INF] Route matched with {action = "LogMessage", controller = "Logs"}. Executing controller action with signature Microsoft.AspNetCore.Mvc.IActionResult LogMessage(FoodOrderingSystemAPI.Models.LogModel) on controller LogsController (FoodOrderingSystemAPI).
2023-12-31 20:07:43.509 +05:30 [INF] LogMessage: Fetched gallery items successfully., Severity: Information
2023-12-31 20:07:43.509 +05:30 [INF] Executing StatusCodeResult, setting HTTP status code 200
2023-12-31 20:07:43.509 +05:30 [INF] Executed action LogsController.LogMessage (FoodOrderingSystemAPI) in 0.8013ms
2023-12-31 20:07:43.509 +05:30 [INF] Executed endpoint 'LogsController.LogMessage (FoodOrderingSystemAPI)'
2023-12-31 20:07:43.509 +05:30 [INF] Request finished HTTP/1.1 POST http://localhost:5038/api/logs application/json 90 - 200 0 - 1.5559ms
2023-12-31 20:19:07.845 +05:30 [INF] Request starting HTTP/1.1 GET http://localhost:5038/api/Menu/Gallery - -
2023-12-31 20:19:07.846 +05:30 [INF] CORS policy execution successful.
2023-12-31 20:19:07.846 +05:30 [INF] Executing endpoint 'FoodOrderingSystemAPI.Controllers.MenuController.GetGalleryItemsAsync (FoodOrderingSystemAPI)'
2023-12-31 20:19:07.846 +05:30 [INF] Route matched with {action = "GetGalleryItems", controller = "Menu"}. Executing controller action with signature System.Threading.Tasks.Task`1[Microsoft.AspNetCore.Mvc.IActionResult] GetGalleryItemsAsync() on controller FoodOrderingSystemAPI.Controllers.MenuController (FoodOrderingSystemAPI).
2023-12-31 20:19:08.253 +05:30 [INF] Executed DbCommand (12ms) [Parameters=[], CommandType='"Text"', CommandTimeout='30']
SELECT [f].[id], [f].[FoodCategoryname], [f].[IsInGallery], [f].[calories], [f].[category], [f].[description], [f].[imageUrl], [f].[isVegan], [f].[name], [f].[price]
FROM [FoodItems] AS [f]
WHERE [f].[IsInGallery] = CAST(1 AS bit)
2023-12-31 20:19:08.327 +05:30 [INF] Executing OkObjectResult, writing value of type 'System.Collections.Generic.List`1[[FoodOrderingSystemAPI.Models.FoodItem, FoodOrderingSystemAPI, Version=1.0.0.0, Culture=neutral, PublicKeyToken=null]]'.
2023-12-31 20:19:08.330 +05:30 [INF] Executed action FoodOrderingSystemAPI.Controllers.MenuController.GetGalleryItemsAsync (FoodOrderingSystemAPI) in 484.1961ms
2023-12-31 20:19:08.330 +05:30 [INF] Executed endpoint 'FoodOrderingSystemAPI.Controllers.MenuController.GetGalleryItemsAsync (FoodOrderingSystemAPI)'
2023-12-31 20:19:08.331 +05:30 [INF] Request finished HTTP/1.1 GET http://localhost:5038/api/Menu/Gallery - - - 200 - application/json;+charset=utf-8 485.7121ms
2023-12-31 20:19:08.362 +05:30 [INF] Request starting HTTP/1.1 OPTIONS http://localhost:5038/api/logs - -
2023-12-31 20:19:08.362 +05:30 [INF] CORS policy execution successful.
2023-12-31 20:19:08.362 +05:30 [INF] Request finished HTTP/1.1 OPTIONS http://localhost:5038/api/logs - - - 204 - - 0.7601ms
2023-12-31 20:19:08.364 +05:30 [INF] Request starting HTTP/1.1 POST http://localhost:5038/api/logs application/json 90
2023-12-31 20:19:08.364 +05:30 [INF] CORS policy execution successful.
2023-12-31 20:19:08.364 +05:30 [INF] Executing endpoint 'LogsController.LogMessage (FoodOrderingSystemAPI)'
2023-12-31 20:19:08.364 +05:30 [INF] Route matched with {action = "LogMessage", controller = "Logs"}. Executing controller action with signature Microsoft.AspNetCore.Mvc.IActionResult LogMessage(FoodOrderingSystemAPI.Models.LogModel) on controller LogsController (FoodOrderingSystemAPI).
2023-12-31 20:19:08.365 +05:30 [INF] LogMessage: Fetched gallery items successfully., Severity: Information
2023-12-31 20:19:08.365 +05:30 [INF] Executing StatusCodeResult, setting HTTP status code 200
2023-12-31 20:19:08.366 +05:30 [INF] Executed action LogsController.LogMessage (FoodOrderingSystemAPI) in 1.3865ms
2023-12-31 20:19:08.366 +05:30 [INF] Executed endpoint 'LogsController.LogMessage (FoodOrderingSystemAPI)'
2023-12-31 20:19:08.366 +05:30 [INF] Request finished HTTP/1.1 POST http://localhost:5038/api/logs application/json 90 - 200 0 - 2.1421ms
2023-12-31 20:20:35.192 +05:30 [INF] Request starting HTTP/1.1 GET http://localhost:5038/api/Menu/Gallery - -
2023-12-31 20:20:35.193 +05:30 [INF] CORS policy execution successful.
2023-12-31 20:20:35.193 +05:30 [INF] Executing endpoint 'FoodOrderingSystemAPI.Controllers.MenuController.GetGalleryItemsAsync (FoodOrderingSystemAPI)'
2023-12-31 20:20:35.194 +05:30 [INF] Route matched with {action = "GetGalleryItems", controller = "Menu"}. Executing controller action with signature System.Threading.Tasks.Task`1[Microsoft.AspNetCore.Mvc.IActionResult] GetGalleryItemsAsync() on controller FoodOrderingSystemAPI.Controllers.MenuController (FoodOrderingSystemAPI).
2023-12-31 20:20:35.463 +05:30 [INF] Executed DbCommand (264ms) [Parameters=[], CommandType='"Text"', CommandTimeout='30']
SELECT [f].[id], [f].[FoodCategoryname], [f].[IsInGallery], [f].[calories], [f].[category], [f].[description], [f].[imageUrl], [f].[isVegan], [f].[name], [f].[price]
FROM [FoodItems] AS [f]
WHERE [f].[IsInGallery] = CAST(1 AS bit)
2023-12-31 20:20:35.600 +05:30 [INF] Executing OkObjectResult, writing value of type 'System.Collections.Generic.List`1[[FoodOrderingSystemAPI.Models.FoodItem, FoodOrderingSystemAPI, Version=1.0.0.0, Culture=neutral, PublicKeyToken=null]]'.
2023-12-31 20:20:35.602 +05:30 [INF] Executed action FoodOrderingSystemAPI.Controllers.MenuController.GetGalleryItemsAsync (FoodOrderingSystemAPI) in 407.9319ms
2023-12-31 20:20:35.602 +05:30 [INF] Executed endpoint 'FoodOrderingSystemAPI.Controllers.MenuController.GetGalleryItemsAsync (FoodOrderingSystemAPI)'
2023-12-31 20:20:35.602 +05:30 [INF] Request finished HTTP/1.1 GET http://localhost:5038/api/Menu/Gallery - - - 200 - application/json;+charset=utf-8 409.6524ms
2023-12-31 20:20:35.610 +05:30 [INF] Request starting HTTP/1.1 OPTIONS http://localhost:5038/api/logs - -
2023-12-31 20:20:35.611 +05:30 [INF] CORS policy execution successful.
2023-12-31 20:20:35.611 +05:30 [INF] Request finished HTTP/1.1 OPTIONS http://localhost:5038/api/logs - - - 204 - - 1.4847ms
2023-12-31 20:20:35.614 +05:30 [INF] Request starting HTTP/1.1 POST http://localhost:5038/api/logs application/json 90
2023-12-31 20:20:35.615 +05:30 [INF] CORS policy execution successful.
2023-12-31 20:20:35.615 +05:30 [INF] Executing endpoint 'LogsController.LogMessage (FoodOrderingSystemAPI)'
2023-12-31 20:20:35.615 +05:30 [INF] Route matched with {action = "LogMessage", controller = "Logs"}. Executing controller action with signature Microsoft.AspNetCore.Mvc.IActionResult LogMessage(FoodOrderingSystemAPI.Models.LogModel) on controller LogsController (FoodOrderingSystemAPI).
2023-12-31 20:20:35.616 +05:30 [INF] LogMessage: Fetched gallery items successfully., Severity: Information
2023-12-31 20:20:35.616 +05:30 [INF] Executing StatusCodeResult, setting HTTP status code 200
2023-12-31 20:20:35.618 +05:30 [INF] Executed action LogsController.LogMessage (FoodOrderingSystemAPI) in 2.9321ms
2023-12-31 20:20:35.618 +05:30 [INF] Executed endpoint 'LogsController.LogMessage (FoodOrderingSystemAPI)'
2023-12-31 20:20:35.618 +05:30 [INF] Request finished HTTP/1.1 POST http://localhost:5038/api/logs application/json 90 - 200 0 - 3.6083ms
2023-12-31 20:20:57.854 +05:30 [INF] Request starting HTTP/1.1 GET http://localhost:5038/api/Menu/Gallery - -
2023-12-31 20:20:57.854 +05:30 [INF] CORS policy execution successful.
2023-12-31 20:20:57.855 +05:30 [INF] Executing endpoint 'FoodOrderingSystemAPI.Controllers.MenuController.GetGalleryItemsAsync (FoodOrderingSystemAPI)'
2023-12-31 20:20:57.855 +05:30 [INF] Route matched with {action = "GetGalleryItems", controller = "Menu"}. Executing controller action with signature System.Threading.Tasks.Task`1[Microsoft.AspNetCore.Mvc.IActionResult] GetGalleryItemsAsync() on controller FoodOrderingSystemAPI.Controllers.MenuController (FoodOrderingSystemAPI).
2023-12-31 20:20:57.859 +05:30 [INF] Executed DbCommand (2ms) [Parameters=[], CommandType='"Text"', CommandTimeout='30']
SELECT [f].[id], [f].[FoodCategoryname], [f].[IsInGallery], [f].[calories], [f].[category], [f].[description], [f].[imageUrl], [f].[isVegan], [f].[name], [f].[price]
FROM [FoodItems] AS [f]
WHERE [f].[IsInGallery] = CAST(1 AS bit)
2023-12-31 20:20:57.864 +05:30 [INF] Executing OkObjectResult, writing value of type 'System.Collections.Generic.List`1[[FoodOrderingSystemAPI.Models.FoodItem, FoodOrderingSystemAPI, Version=1.0.0.0, Culture=neutral, PublicKeyToken=null]]'.
2023-12-31 20:20:57.865 +05:30 [INF] Executed action FoodOrderingSystemAPI.Controllers.MenuController.GetGalleryItemsAsync (FoodOrderingSystemAPI) in 10.5009ms
2023-12-31 20:20:57.865 +05:30 [INF] Executed endpoint 'FoodOrderingSystemAPI.Controllers.MenuController.GetGalleryItemsAsync (FoodOrderingSystemAPI)'
2023-12-31 20:20:57.866 +05:30 [INF] Request finished HTTP/1.1 GET http://localhost:5038/api/Menu/Gallery - - - 200 - application/json;+charset=utf-8 11.5588ms
2023-12-31 20:20:57.909 +05:30 [INF] Request starting HTTP/1.1 OPTIONS http://localhost:5038/api/logs - -
2023-12-31 20:20:57.911 +05:30 [INF] CORS policy execution successful.
2023-12-31 20:20:57.912 +05:30 [INF] Request finished HTTP/1.1 OPTIONS http://localhost:5038/api/logs - - - 204 - - 2.5956ms
2023-12-31 20:20:57.915 +05:30 [INF] Request starting HTTP/1.1 POST http://localhost:5038/api/logs application/json 90
2023-12-31 20:20:57.915 +05:30 [INF] CORS policy execution successful.
2023-12-31 20:20:57.915 +05:30 [INF] Executing endpoint 'LogsController.LogMessage (FoodOrderingSystemAPI)'
2023-12-31 20:20:57.915 +05:30 [INF] Route matched with {action = "LogMessage", controller = "Logs"}. Executing controller action with signature Microsoft.AspNetCore.Mvc.IActionResult LogMessage(FoodOrderingSystemAPI.Models.LogModel) on controller LogsController (FoodOrderingSystemAPI).
2023-12-31 20:20:57.916 +05:30 [INF] LogMessage: Fetched gallery items successfully., Severity: Information
2023-12-31 20:20:57.916 +05:30 [INF] Executing StatusCodeResult, setting HTTP status code 200
2023-12-31 20:20:57.916 +05:30 [INF] Executed action LogsController.LogMessage (FoodOrderingSystemAPI) in 0.6888ms
2023-12-31 20:20:57.916 +05:30 [INF] Executed endpoint 'LogsController.LogMessage (FoodOrderingSystemAPI)'
2023-12-31 20:20:57.916 +05:30 [INF] Request finished HTTP/1.1 POST http://localhost:5038/api/logs application/json 90 - 200 0 - 1.3808ms
2023-12-31 21:49:12.577 +05:30 [INF] Request starting HTTP/1.1 GET http://localhost:5038/_framework/aspnetcore-browser-refresh.js - -
2023-12-31 21:49:12.578 +05:30 [INF] Request finished HTTP/1.1 GET http://localhost:5038/_framework/aspnetcore-browser-refresh.js - - - 200 11966 application/javascript;+charset=utf-8 4.3767ms
2023-12-31 21:49:12.839 +05:30 [INF] Request starting HTTP/1.1 GET http://localhost:5038/swagger/v1/swagger.json - -
2023-12-31 21:49:12.862 +05:30 [INF] Request finished HTTP/1.1 GET http://localhost:5038/swagger/v1/swagger.json - - - 200 - application/json;charset=utf-8 22.7254ms
2023-12-31 21:53:41.016 +05:30 [INF] Request starting HTTP/1.1 GET http://localhost:5038/_framework/aspnetcore-browser-refresh.js - -
2023-12-31 21:53:41.017 +05:30 [INF] Request finished HTTP/1.1 GET http://localhost:5038/_framework/aspnetcore-browser-refresh.js - - - 200 11966 application/javascript;+charset=utf-8 1.1867ms
2023-12-31 21:53:41.280 +05:30 [INF] Request starting HTTP/1.1 GET http://localhost:5038/swagger/v1/swagger.json - -
2023-12-31 21:53:41.292 +05:30 [INF] Request finished HTTP/1.1 GET http://localhost:5038/swagger/v1/swagger.json - - - 200 - application/json;charset=utf-8 11.8760ms
