2023-12-30 12:23:21.227 +05:30 [INF] User profile is available. Using 'C:\Users\Arularasi\AppData\Local\ASP.NET\DataProtection-Keys' as key repository and Windows DPAPI to encrypt keys at rest.
2023-12-30 12:23:21.338 +05:30 [INF] Now listening on: http://localhost:5038
2023-12-30 12:23:21.344 +05:30 [INF] Application started. Press Ctrl+C to shut down.
2023-12-30 12:23:21.344 +05:30 [INF] Hosting environment: Development
2023-12-30 12:23:21.345 +05:30 [INF] Content root path: C:\Users\Arularasi\Google Drive\MY FILES\Aspire Systems\Angular\Code\Application\Asp.Net Web API\FoodOrderingSystemAPI
2023-12-30 12:23:23.858 +05:30 [INF] Request starting HTTP/1.1 GET http://localhost:5038/swagger/index.html - -
2023-12-30 12:23:24.137 +05:30 [INF] Request finished HTTP/1.1 GET http://localhost:5038/swagger/index.html - - - 200 - text/html;charset=utf-8 333.7038ms
2023-12-30 12:23:24.158 +05:30 [INF] Request starting HTTP/1.1 GET http://localhost:5038/_framework/aspnetcore-browser-refresh.js - -
2023-12-30 12:23:24.162 +05:30 [INF] Request finished HTTP/1.1 GET http://localhost:5038/_framework/aspnetcore-browser-refresh.js - - - 200 11966 application/javascript;+charset=utf-8 3.4567ms
2023-12-30 12:23:24.627 +05:30 [INF] Request starting HTTP/1.1 GET http://localhost:5038/swagger/v1/swagger.json - -
2023-12-30 12:23:24.812 +05:30 [INF] Request finished HTTP/1.1 GET http://localhost:5038/swagger/v1/swagger.json - - - 200 - application/json;charset=utf-8 184.5706ms
2023-12-30 12:29:07.808 +05:30 [INF] Request starting HTTP/1.1 GET http://localhost:5038/api/Menu/Gallery - -
2023-12-30 12:29:07.915 +05:30 [WRN] Failed to determine the https port for redirect.
2023-12-30 12:29:08.207 +05:30 [INF] CORS policy execution successful.
2023-12-30 12:29:08.211 +05:30 [INF] Executing endpoint 'FoodOrderingSystemAPI.Controllers.MenuController.GetGalleryItemsAsync (FoodOrderingSystemAPI)'
2023-12-30 12:29:08.393 +05:30 [INF] Route matched with {action = "GetGalleryItems", controller = "Menu"}. Executing controller action with signature System.Threading.Tasks.Task`1[Microsoft.AspNetCore.Mvc.IActionResult] GetGalleryItemsAsync() on controller FoodOrderingSystemAPI.Controllers.MenuController (FoodOrderingSystemAPI).
2023-12-30 12:29:14.744 +05:30 [INF] Executed DbCommand (182ms) [Parameters=[], CommandType='"Text"', CommandTimeout='30']
SELECT [f].[id], [f].[FoodCategoryname], [f].[IsInGallery], [f].[calories], [f].[category], [f].[description], [f].[imageUrl], [f].[isVegan], [f].[name], [f].[price]
FROM [FoodItems] AS [f]
WHERE [f].[IsInGallery] = CAST(1 AS bit)
2023-12-30 12:29:14.819 +05:30 [INF] Executing ObjectResult, writing value of type 'Microsoft.AspNetCore.Mvc.ProblemDetails'.
2023-12-30 12:29:14.864 +05:30 [INF] Executed action FoodOrderingSystemAPI.Controllers.MenuController.GetGalleryItemsAsync (FoodOrderingSystemAPI) in 6458.9884ms
2023-12-30 12:29:14.865 +05:30 [INF] Executed endpoint 'FoodOrderingSystemAPI.Controllers.MenuController.GetGalleryItemsAsync (FoodOrderingSystemAPI)'
2023-12-30 12:29:14.888 +05:30 [INF] Request finished HTTP/1.1 GET http://localhost:5038/api/Menu/Gallery - - - 404 - application/problem+json;+charset=utf-8 7080.5677ms
2023-12-30 12:29:14.889 +05:30 [INF] Request starting HTTP/1.1 OPTIONS http://localhost:5038/api/logs - -
2023-12-30 12:29:14.896 +05:30 [INF] CORS policy execution successful.
2023-12-30 12:29:14.899 +05:30 [INF] Request finished HTTP/1.1 OPTIONS http://localhost:5038/api/logs - - - 204 - - 9.9344ms
2023-12-30 12:29:14.902 +05:30 [INF] Request starting HTTP/1.1 POST http://localhost:5038/api/logs application/json 572
2023-12-30 12:29:14.909 +05:30 [INF] CORS policy execution successful.
2023-12-30 12:29:14.909 +05:30 [INF] Executing endpoint 'LogsController.LogMessage (FoodOrderingSystemAPI)'
2023-12-30 12:29:14.928 +05:30 [INF] Route matched with {action = "LogMessage", controller = "Logs"}. Executing controller action with signature Microsoft.AspNetCore.Mvc.IActionResult LogMessage(FoodOrderingSystemAPI.Models.LogModel) on controller LogsController (FoodOrderingSystemAPI).
2023-12-30 12:29:15.025 +05:30 [ERR] LogMessage: Error occurred while retrieving gallery items:, Severity: Error
Error: {"headers":{"normalizedNames":{},"lazyUpdate":null},"status":404,"statusText":"Not Found","url":"http://localhost:5038/api/Menu/Gallery","ok":false,"name":"HttpErrorResponse","message":"Http failure response for http://localhost:5038/api/Menu/Gallery: 404 Not Found","error":{"type":"https://tools.ietf.org/html/rfc7231#section-6.5.4","title":"Not Found","status":404,"traceId":"00-cfe6f83dfad7f4d7628e18fd79632723-33df906f863f7075-00"}}
2023-12-30 12:29:15.032 +05:30 [INF] Executing StatusCodeResult, setting HTTP status code 200
2023-12-30 12:29:15.032 +05:30 [INF] Executed action LogsController.LogMessage (FoodOrderingSystemAPI) in 104.2814ms
2023-12-30 12:29:15.032 +05:30 [INF] Executed endpoint 'LogsController.LogMessage (FoodOrderingSystemAPI)'
2023-12-30 12:29:15.033 +05:30 [INF] Request finished HTTP/1.1 POST http://localhost:5038/api/logs application/json 572 - 200 0 - 130.9772ms
2023-12-30 12:30:00.534 +05:30 [INF] Request starting HTTP/1.1 GET http://localhost:5038/api/Menu/Categories - -
2023-12-30 12:30:00.549 +05:30 [INF] CORS policy execution successful.
2023-12-30 12:30:00.550 +05:30 [INF] Executing endpoint 'FoodOrderingSystemAPI.Controllers.MenuController.GetAllFoodCategoriesAsync (FoodOrderingSystemAPI)'
2023-12-30 12:30:00.559 +05:30 [INF] Route matched with {action = "GetAllFoodCategories", controller = "Menu"}. Executing controller action with signature System.Threading.Tasks.Task`1[Microsoft.AspNetCore.Mvc.IActionResult] GetAllFoodCategoriesAsync() on controller FoodOrderingSystemAPI.Controllers.MenuController (FoodOrderingSystemAPI).
2023-12-30 12:30:01.962 +05:30 [INF] Executed DbCommand (147ms) [Parameters=[], CommandType='"Text"', CommandTimeout='30']
SELECT [t].[category], [t0].[id], [t0].[FoodCategoryname], [t0].[IsInGallery], [t0].[calories], [t0].[category], [t0].[description], [t0].[imageUrl], [t0].[isVegan], [t0].[name], [t0].[price]
FROM (
    SELECT [f].[category]
    FROM [FoodItems] AS [f]
    GROUP BY [f].[category]
) AS [t]
LEFT JOIN (
    SELECT [f0].[id], [f0].[FoodCategoryname], [f0].[IsInGallery], [f0].[calories], [f0].[category], [f0].[description], [f0].[imageUrl], [f0].[isVegan], [f0].[name], [f0].[price]
    FROM [FoodItems] AS [f0]
    WHERE [f0].[IsInGallery] = CAST(0 AS bit)
) AS [t0] ON [t].[category] = [t0].[category]
ORDER BY [t].[category]
2023-12-30 12:30:02.466 +05:30 [INF] Executing OkObjectResult, writing value of type 'System.Collections.Generic.List`1[[FoodOrderingSystemAPI.Models.FoodCategory, FoodOrderingSystemAPI, Version=1.0.0.0, Culture=neutral, PublicKeyToken=null]]'.
2023-12-30 12:30:02.640 +05:30 [INF] Executed action FoodOrderingSystemAPI.Controllers.MenuController.GetAllFoodCategoriesAsync (FoodOrderingSystemAPI) in 2080.6032ms
2023-12-30 12:30:02.640 +05:30 [INF] Executed endpoint 'FoodOrderingSystemAPI.Controllers.MenuController.GetAllFoodCategoriesAsync (FoodOrderingSystemAPI)'
2023-12-30 12:30:02.641 +05:30 [INF] Request finished HTTP/1.1 GET http://localhost:5038/api/Menu/Categories - - - 200 - application/json;+charset=utf-8 2107.6985ms
2023-12-30 12:30:02.684 +05:30 [INF] Request starting HTTP/1.1 OPTIONS http://localhost:5038/api/logs - -
2023-12-30 12:30:02.686 +05:30 [INF] CORS policy execution successful.
2023-12-30 12:30:02.688 +05:30 [INF] Request finished HTTP/1.1 OPTIONS http://localhost:5038/api/logs - - - 204 - - 3.8997ms
2023-12-30 12:30:02.693 +05:30 [INF] Request starting HTTP/1.1 POST http://localhost:5038/api/logs application/json 87
2023-12-30 12:30:02.696 +05:30 [INF] CORS policy execution successful.
2023-12-30 12:30:02.697 +05:30 [INF] Executing endpoint 'LogsController.LogMessage (FoodOrderingSystemAPI)'
2023-12-30 12:30:02.699 +05:30 [INF] Route matched with {action = "LogMessage", controller = "Logs"}. Executing controller action with signature Microsoft.AspNetCore.Mvc.IActionResult LogMessage(FoodOrderingSystemAPI.Models.LogModel) on controller LogsController (FoodOrderingSystemAPI).
2023-12-30 12:30:02.710 +05:30 [INF] LogMessage: Fetched menu items successfully., Severity: Information
2023-12-30 12:30:02.711 +05:30 [INF] Executing StatusCodeResult, setting HTTP status code 200
2023-12-30 12:30:02.712 +05:30 [INF] Executed action LogsController.LogMessage (FoodOrderingSystemAPI) in 11.8884ms
2023-12-30 12:30:02.712 +05:30 [INF] Executed endpoint 'LogsController.LogMessage (FoodOrderingSystemAPI)'
2023-12-30 12:30:02.713 +05:30 [INF] Request finished HTTP/1.1 POST http://localhost:5038/api/logs application/json 87 - 200 0 - 19.4847ms
2023-12-30 19:39:15.048 +05:30 [INF] User profile is available. Using 'C:\Users\Arularasi\AppData\Local\ASP.NET\DataProtection-Keys' as key repository and Windows DPAPI to encrypt keys at rest.
2023-12-30 19:39:15.182 +05:30 [INF] Now listening on: http://localhost:5038
2023-12-30 19:39:15.186 +05:30 [INF] Application started. Press Ctrl+C to shut down.
2023-12-30 19:39:15.186 +05:30 [INF] Hosting environment: Development
2023-12-30 19:39:15.186 +05:30 [INF] Content root path: C:\Users\Arularasi\Google Drive\MY FILES\Aspire Systems\Angular\Code\Application\Asp.Net Web API\FoodOrderingSystemAPI
2023-12-30 19:39:17.385 +05:30 [INF] Request starting HTTP/1.1 GET http://localhost:5038/swagger/index.html - -
2023-12-30 19:39:17.666 +05:30 [INF] Request finished HTTP/1.1 GET http://localhost:5038/swagger/index.html - - - 200 - text/html;charset=utf-8 288.9559ms
2023-12-30 19:39:17.754 +05:30 [INF] Request starting HTTP/1.1 GET http://localhost:5038/_framework/aspnetcore-browser-refresh.js - -
2023-12-30 19:39:17.759 +05:30 [INF] Request finished HTTP/1.1 GET http://localhost:5038/_framework/aspnetcore-browser-refresh.js - - - 200 11966 application/javascript;+charset=utf-8 3.4214ms
2023-12-30 19:39:17.990 +05:30 [INF] Request starting HTTP/1.1 GET http://localhost:5038/swagger/v1/swagger.json - -
2023-12-30 19:39:18.229 +05:30 [INF] Request finished HTTP/1.1 GET http://localhost:5038/swagger/v1/swagger.json - - - 200 - application/json;charset=utf-8 239.6827ms
2023-12-30 19:47:26.743 +05:30 [INF] Request starting HTTP/1.1 GET http://localhost:5038/api/Menu/Gallery - -
2023-12-30 19:47:27.424 +05:30 [WRN] Failed to determine the https port for redirect.
2023-12-30 19:47:28.466 +05:30 [INF] CORS policy execution successful.
2023-12-30 19:47:28.471 +05:30 [INF] Executing endpoint 'FoodOrderingSystemAPI.Controllers.MenuController.GetGalleryItemsAsync (FoodOrderingSystemAPI)'
2023-12-30 19:47:30.602 +05:30 [INF] Route matched with {action = "GetGalleryItems", controller = "Menu"}. Executing controller action with signature System.Threading.Tasks.Task`1[Microsoft.AspNetCore.Mvc.IActionResult] GetGalleryItemsAsync() on controller FoodOrderingSystemAPI.Controllers.MenuController (FoodOrderingSystemAPI).
2023-12-30 19:47:52.639 +05:30 [INF] Executed DbCommand (805ms) [Parameters=[], CommandType='"Text"', CommandTimeout='30']
SELECT [f].[id], [f].[FoodCategoryname], [f].[IsInGallery], [f].[calories], [f].[category], [f].[description], [f].[imageUrl], [f].[isVegan], [f].[name], [f].[price]
FROM [FoodItems] AS [f]
WHERE [f].[IsInGallery] = CAST(1 AS bit)
2023-12-30 19:47:53.224 +05:30 [INF] Executing OkObjectResult, writing value of type 'System.Collections.Generic.List`1[[FoodOrderingSystemAPI.Models.FoodItem, FoodOrderingSystemAPI, Version=1.0.0.0, Culture=neutral, PublicKeyToken=null]]'.
2023-12-30 19:47:53.325 +05:30 [INF] Executed action FoodOrderingSystemAPI.Controllers.MenuController.GetGalleryItemsAsync (FoodOrderingSystemAPI) in 22698.5202ms
2023-12-30 19:47:53.326 +05:30 [INF] Executed endpoint 'FoodOrderingSystemAPI.Controllers.MenuController.GetGalleryItemsAsync (FoodOrderingSystemAPI)'
2023-12-30 19:47:53.344 +05:30 [INF] Request finished HTTP/1.1 GET http://localhost:5038/api/Menu/Gallery - - - 200 - application/json;+charset=utf-8 26600.9453ms
2023-12-30 19:47:53.345 +05:30 [INF] Request starting HTTP/1.1 OPTIONS http://localhost:5038/api/logs - -
2023-12-30 19:47:53.354 +05:30 [INF] CORS policy execution successful.
2023-12-30 19:47:53.357 +05:30 [INF] Request finished HTTP/1.1 OPTIONS http://localhost:5038/api/logs - - - 204 - - 11.7256ms
2023-12-30 19:47:53.360 +05:30 [INF] Request starting HTTP/1.1 POST http://localhost:5038/api/logs application/json 90
2023-12-30 19:47:53.441 +05:30 [INF] CORS policy execution successful.
2023-12-30 19:47:53.441 +05:30 [INF] Executing endpoint 'LogsController.LogMessage (FoodOrderingSystemAPI)'
2023-12-30 19:47:53.477 +05:30 [INF] Route matched with {action = "LogMessage", controller = "Logs"}. Executing controller action with signature Microsoft.AspNetCore.Mvc.IActionResult LogMessage(FoodOrderingSystemAPI.Models.LogModel) on controller LogsController (FoodOrderingSystemAPI).
2023-12-30 19:47:53.847 +05:30 [INF] LogMessage: Fetched gallery items successfully., Severity: Information
2023-12-30 19:47:53.861 +05:30 [INF] Executing StatusCodeResult, setting HTTP status code 200
2023-12-30 19:47:53.862 +05:30 [INF] Executed action LogsController.LogMessage (FoodOrderingSystemAPI) in 384.4376ms
2023-12-30 19:47:53.862 +05:30 [INF] Executed endpoint 'LogsController.LogMessage (FoodOrderingSystemAPI)'
2023-12-30 19:47:53.862 +05:30 [INF] Request finished HTTP/1.1 POST http://localhost:5038/api/logs application/json 90 - 200 0 - 501.9155ms
2023-12-30 19:49:00.568 +05:30 [INF] Request starting HTTP/1.1 GET http://localhost:5038/api/Menu/Gallery - -
2023-12-30 19:49:00.580 +05:30 [INF] CORS policy execution successful.
2023-12-30 19:49:00.580 +05:30 [INF] Executing endpoint 'FoodOrderingSystemAPI.Controllers.MenuController.GetGalleryItemsAsync (FoodOrderingSystemAPI)'
2023-12-30 19:49:00.581 +05:30 [INF] Route matched with {action = "GetGalleryItems", controller = "Menu"}. Executing controller action with signature System.Threading.Tasks.Task`1[Microsoft.AspNetCore.Mvc.IActionResult] GetGalleryItemsAsync() on controller FoodOrderingSystemAPI.Controllers.MenuController (FoodOrderingSystemAPI).
2023-12-30 19:49:00.676 +05:30 [INF] Executed DbCommand (35ms) [Parameters=[], CommandType='"Text"', CommandTimeout='30']
SELECT [f].[id], [f].[FoodCategoryname], [f].[IsInGallery], [f].[calories], [f].[category], [f].[description], [f].[imageUrl], [f].[isVegan], [f].[name], [f].[price]
FROM [FoodItems] AS [f]
WHERE [f].[IsInGallery] = CAST(1 AS bit)
2023-12-30 19:49:00.776 +05:30 [INF] Executing OkObjectResult, writing value of type 'System.Collections.Generic.List`1[[FoodOrderingSystemAPI.Models.FoodItem, FoodOrderingSystemAPI, Version=1.0.0.0, Culture=neutral, PublicKeyToken=null]]'.
2023-12-30 19:49:00.820 +05:30 [INF] Executed action FoodOrderingSystemAPI.Controllers.MenuController.GetGalleryItemsAsync (FoodOrderingSystemAPI) in 239.1379ms
2023-12-30 19:49:00.820 +05:30 [INF] Executed endpoint 'FoodOrderingSystemAPI.Controllers.MenuController.GetGalleryItemsAsync (FoodOrderingSystemAPI)'
2023-12-30 19:49:00.821 +05:30 [INF] Request finished HTTP/1.1 GET http://localhost:5038/api/Menu/Gallery - - - 200 - application/json;+charset=utf-8 252.3795ms
2023-12-30 19:49:00.828 +05:30 [INF] Request starting HTTP/1.1 OPTIONS http://localhost:5038/api/logs - -
2023-12-30 19:49:00.830 +05:30 [INF] CORS policy execution successful.
2023-12-30 19:49:00.832 +05:30 [INF] Request finished HTTP/1.1 OPTIONS http://localhost:5038/api/logs - - - 204 - - 2.7467ms
2023-12-30 19:49:00.835 +05:30 [INF] Request starting HTTP/1.1 POST http://localhost:5038/api/logs application/json 90
2023-12-30 19:49:00.835 +05:30 [INF] CORS policy execution successful.
2023-12-30 19:49:00.835 +05:30 [INF] Executing endpoint 'LogsController.LogMessage (FoodOrderingSystemAPI)'
2023-12-30 19:49:00.836 +05:30 [INF] Route matched with {action = "LogMessage", controller = "Logs"}. Executing controller action with signature Microsoft.AspNetCore.Mvc.IActionResult LogMessage(FoodOrderingSystemAPI.Models.LogModel) on controller LogsController (FoodOrderingSystemAPI).
2023-12-30 19:49:00.850 +05:30 [INF] LogMessage: Fetched gallery items successfully., Severity: Information
2023-12-30 19:49:00.851 +05:30 [INF] Executing StatusCodeResult, setting HTTP status code 200
2023-12-30 19:49:00.852 +05:30 [INF] Executed action LogsController.LogMessage (FoodOrderingSystemAPI) in 15.976ms
2023-12-30 19:49:00.852 +05:30 [INF] Executed endpoint 'LogsController.LogMessage (FoodOrderingSystemAPI)'
2023-12-30 19:49:00.852 +05:30 [INF] Request finished HTTP/1.1 POST http://localhost:5038/api/logs application/json 90 - 200 0 - 17.8062ms
2023-12-30 19:53:59.013 +05:30 [INF] Request starting HTTP/1.1 GET http://localhost:5038/api/Menu/Gallery - -
2023-12-30 19:53:59.014 +05:30 [INF] CORS policy execution successful.
2023-12-30 19:53:59.014 +05:30 [INF] Executing endpoint 'FoodOrderingSystemAPI.Controllers.MenuController.GetGalleryItemsAsync (FoodOrderingSystemAPI)'
2023-12-30 19:53:59.014 +05:30 [INF] Route matched with {action = "GetGalleryItems", controller = "Menu"}. Executing controller action with signature System.Threading.Tasks.Task`1[Microsoft.AspNetCore.Mvc.IActionResult] GetGalleryItemsAsync() on controller FoodOrderingSystemAPI.Controllers.MenuController (FoodOrderingSystemAPI).
2023-12-30 19:53:59.215 +05:30 [INF] Executed DbCommand (86ms) [Parameters=[], CommandType='"Text"', CommandTimeout='30']
SELECT [f].[id], [f].[FoodCategoryname], [f].[IsInGallery], [f].[calories], [f].[category], [f].[description], [f].[imageUrl], [f].[isVegan], [f].[name], [f].[price]
FROM [FoodItems] AS [f]
WHERE [f].[IsInGallery] = CAST(1 AS bit)
2023-12-30 19:53:59.269 +05:30 [INF] Executing OkObjectResult, writing value of type 'System.Collections.Generic.List`1[[FoodOrderingSystemAPI.Models.FoodItem, FoodOrderingSystemAPI, Version=1.0.0.0, Culture=neutral, PublicKeyToken=null]]'.
2023-12-30 19:53:59.294 +05:30 [INF] Executed action FoodOrderingSystemAPI.Controllers.MenuController.GetGalleryItemsAsync (FoodOrderingSystemAPI) in 278.997ms
2023-12-30 19:53:59.294 +05:30 [INF] Executed endpoint 'FoodOrderingSystemAPI.Controllers.MenuController.GetGalleryItemsAsync (FoodOrderingSystemAPI)'
2023-12-30 19:53:59.294 +05:30 [INF] Request finished HTTP/1.1 GET http://localhost:5038/api/Menu/Gallery - - - 200 - application/json;+charset=utf-8 281.5118ms
2023-12-30 19:53:59.333 +05:30 [INF] Request starting HTTP/1.1 OPTIONS http://localhost:5038/api/logs - -
2023-12-30 19:53:59.344 +05:30 [INF] CORS policy execution successful.
2023-12-30 19:53:59.345 +05:30 [INF] Request finished HTTP/1.1 OPTIONS http://localhost:5038/api/logs - - - 204 - - 12.2139ms
2023-12-30 19:53:59.346 +05:30 [INF] Request starting HTTP/1.1 POST http://localhost:5038/api/logs application/json 90
2023-12-30 19:53:59.347 +05:30 [INF] CORS policy execution successful.
2023-12-30 19:53:59.349 +05:30 [INF] Executing endpoint 'LogsController.LogMessage (FoodOrderingSystemAPI)'
2023-12-30 19:53:59.349 +05:30 [INF] Route matched with {action = "LogMessage", controller = "Logs"}. Executing controller action with signature Microsoft.AspNetCore.Mvc.IActionResult LogMessage(FoodOrderingSystemAPI.Models.LogModel) on controller LogsController (FoodOrderingSystemAPI).
2023-12-30 19:53:59.350 +05:30 [INF] LogMessage: Fetched gallery items successfully., Severity: Information
2023-12-30 19:53:59.350 +05:30 [INF] Executing StatusCodeResult, setting HTTP status code 200
2023-12-30 19:53:59.355 +05:30 [INF] Executed action LogsController.LogMessage (FoodOrderingSystemAPI) in 5.4973ms
2023-12-30 19:53:59.356 +05:30 [INF] Executed endpoint 'LogsController.LogMessage (FoodOrderingSystemAPI)'
2023-12-30 19:53:59.356 +05:30 [INF] Request finished HTTP/1.1 POST http://localhost:5038/api/logs application/json 90 - 200 0 - 9.5820ms
2023-12-30 19:59:16.368 +05:30 [INF] Request starting HTTP/1.1 GET http://localhost:5038/api/Menu/Categories - -
2023-12-30 19:59:16.370 +05:30 [INF] CORS policy execution successful.
2023-12-30 19:59:16.370 +05:30 [INF] Executing endpoint 'FoodOrderingSystemAPI.Controllers.MenuController.GetAllFoodCategoriesAsync (FoodOrderingSystemAPI)'
2023-12-30 19:59:16.380 +05:30 [INF] Route matched with {action = "GetAllFoodCategories", controller = "Menu"}. Executing controller action with signature System.Threading.Tasks.Task`1[Microsoft.AspNetCore.Mvc.IActionResult] GetAllFoodCategoriesAsync() on controller FoodOrderingSystemAPI.Controllers.MenuController (FoodOrderingSystemAPI).
2023-12-30 19:59:16.762 +05:30 [INF] Executed DbCommand (86ms) [Parameters=[], CommandType='"Text"', CommandTimeout='30']
SELECT [t].[category], [t0].[id], [t0].[FoodCategoryname], [t0].[IsInGallery], [t0].[calories], [t0].[category], [t0].[description], [t0].[imageUrl], [t0].[isVegan], [t0].[name], [t0].[price]
FROM (
    SELECT [f].[category]
    FROM [FoodItems] AS [f]
    GROUP BY [f].[category]
) AS [t]
LEFT JOIN (
    SELECT [f0].[id], [f0].[FoodCategoryname], [f0].[IsInGallery], [f0].[calories], [f0].[category], [f0].[description], [f0].[imageUrl], [f0].[isVegan], [f0].[name], [f0].[price]
    FROM [FoodItems] AS [f0]
    WHERE [f0].[IsInGallery] = CAST(0 AS bit)
) AS [t0] ON [t].[category] = [t0].[category]
ORDER BY [t].[category]
2023-12-30 19:59:16.884 +05:30 [INF] Executing OkObjectResult, writing value of type 'System.Collections.Generic.List`1[[FoodOrderingSystemAPI.Models.FoodCategory, FoodOrderingSystemAPI, Version=1.0.0.0, Culture=neutral, PublicKeyToken=null]]'.
2023-12-30 19:59:16.891 +05:30 [INF] Executed action FoodOrderingSystemAPI.Controllers.MenuController.GetAllFoodCategoriesAsync (FoodOrderingSystemAPI) in 510.5727ms
2023-12-30 19:59:16.891 +05:30 [INF] Executed endpoint 'FoodOrderingSystemAPI.Controllers.MenuController.GetAllFoodCategoriesAsync (FoodOrderingSystemAPI)'
2023-12-30 19:59:16.892 +05:30 [INF] Request finished HTTP/1.1 GET http://localhost:5038/api/Menu/Categories - - - 200 - application/json;+charset=utf-8 523.3878ms
2023-12-30 19:59:16.900 +05:30 [INF] Request starting HTTP/1.1 OPTIONS http://localhost:5038/api/logs - -
2023-12-30 19:59:16.901 +05:30 [INF] CORS policy execution successful.
2023-12-30 19:59:16.902 +05:30 [INF] Request finished HTTP/1.1 OPTIONS http://localhost:5038/api/logs - - - 204 - - 1.1971ms
2023-12-30 19:59:16.903 +05:30 [INF] Request starting HTTP/1.1 POST http://localhost:5038/api/logs application/json 87
2023-12-30 19:59:16.904 +05:30 [INF] CORS policy execution successful.
2023-12-30 19:59:16.904 +05:30 [INF] Executing endpoint 'LogsController.LogMessage (FoodOrderingSystemAPI)'
2023-12-30 19:59:16.904 +05:30 [INF] Route matched with {action = "LogMessage", controller = "Logs"}. Executing controller action with signature Microsoft.AspNetCore.Mvc.IActionResult LogMessage(FoodOrderingSystemAPI.Models.LogModel) on controller LogsController (FoodOrderingSystemAPI).
2023-12-30 19:59:16.905 +05:30 [INF] LogMessage: Fetched menu items successfully., Severity: Information
2023-12-30 19:59:16.906 +05:30 [INF] Executing StatusCodeResult, setting HTTP status code 200
2023-12-30 19:59:16.907 +05:30 [INF] Executed action LogsController.LogMessage (FoodOrderingSystemAPI) in 2.1281ms
2023-12-30 19:59:16.907 +05:30 [INF] Executed endpoint 'LogsController.LogMessage (FoodOrderingSystemAPI)'
2023-12-30 19:59:16.907 +05:30 [INF] Request finished HTTP/1.1 POST http://localhost:5038/api/logs application/json 87 - 200 0 - 3.7159ms
2023-12-30 19:59:24.994 +05:30 [INF] Request starting HTTP/1.1 GET http://localhost:5038/api/Menu/Gallery - -
2023-12-30 19:59:24.994 +05:30 [INF] CORS policy execution successful.
2023-12-30 19:59:24.994 +05:30 [INF] Executing endpoint 'FoodOrderingSystemAPI.Controllers.MenuController.GetGalleryItemsAsync (FoodOrderingSystemAPI)'
2023-12-30 19:59:24.994 +05:30 [INF] Route matched with {action = "GetGalleryItems", controller = "Menu"}. Executing controller action with signature System.Threading.Tasks.Task`1[Microsoft.AspNetCore.Mvc.IActionResult] GetGalleryItemsAsync() on controller FoodOrderingSystemAPI.Controllers.MenuController (FoodOrderingSystemAPI).
2023-12-30 19:59:25.008 +05:30 [INF] Executed DbCommand (9ms) [Parameters=[], CommandType='"Text"', CommandTimeout='30']
SELECT [f].[id], [f].[FoodCategoryname], [f].[IsInGallery], [f].[calories], [f].[category], [f].[description], [f].[imageUrl], [f].[isVegan], [f].[name], [f].[price]
FROM [FoodItems] AS [f]
WHERE [f].[IsInGallery] = CAST(1 AS bit)
2023-12-30 19:59:25.012 +05:30 [INF] Executing OkObjectResult, writing value of type 'System.Collections.Generic.List`1[[FoodOrderingSystemAPI.Models.FoodItem, FoodOrderingSystemAPI, Version=1.0.0.0, Culture=neutral, PublicKeyToken=null]]'.
2023-12-30 19:59:25.015 +05:30 [INF] Executed action FoodOrderingSystemAPI.Controllers.MenuController.GetGalleryItemsAsync (FoodOrderingSystemAPI) in 20.9484ms
2023-12-30 19:59:25.016 +05:30 [INF] Executed endpoint 'FoodOrderingSystemAPI.Controllers.MenuController.GetGalleryItemsAsync (FoodOrderingSystemAPI)'
2023-12-30 19:59:25.016 +05:30 [INF] Request finished HTTP/1.1 GET http://localhost:5038/api/Menu/Gallery - - - 200 - application/json;+charset=utf-8 22.4413ms
2023-12-30 19:59:25.036 +05:30 [INF] Request starting HTTP/1.1 OPTIONS http://localhost:5038/api/logs - -
2023-12-30 19:59:25.037 +05:30 [INF] CORS policy execution successful.
2023-12-30 19:59:25.038 +05:30 [INF] Request finished HTTP/1.1 OPTIONS http://localhost:5038/api/logs - - - 204 - - 8.6470ms
2023-12-30 19:59:25.041 +05:30 [INF] Request starting HTTP/1.1 POST http://localhost:5038/api/logs application/json 90
2023-12-30 19:59:25.041 +05:30 [INF] CORS policy execution successful.
2023-12-30 19:59:25.042 +05:30 [INF] Executing endpoint 'LogsController.LogMessage (FoodOrderingSystemAPI)'
2023-12-30 19:59:25.042 +05:30 [INF] Route matched with {action = "LogMessage", controller = "Logs"}. Executing controller action with signature Microsoft.AspNetCore.Mvc.IActionResult LogMessage(FoodOrderingSystemAPI.Models.LogModel) on controller LogsController (FoodOrderingSystemAPI).
2023-12-30 19:59:25.070 +05:30 [INF] LogMessage: Fetched gallery items successfully., Severity: Information
2023-12-30 19:59:25.071 +05:30 [INF] Executing StatusCodeResult, setting HTTP status code 200
2023-12-30 19:59:25.071 +05:30 [INF] Executed action LogsController.LogMessage (FoodOrderingSystemAPI) in 28.7784ms
2023-12-30 19:59:25.071 +05:30 [INF] Executed endpoint 'LogsController.LogMessage (FoodOrderingSystemAPI)'
2023-12-30 19:59:25.071 +05:30 [INF] Request finished HTTP/1.1 POST http://localhost:5038/api/logs application/json 90 - 200 0 - 29.8764ms
2023-12-30 19:59:42.387 +05:30 [INF] Request starting HTTP/1.1 GET http://localhost:5038/api/Menu/Categories - -
2023-12-30 19:59:42.388 +05:30 [INF] CORS policy execution successful.
2023-12-30 19:59:42.389 +05:30 [INF] Executing endpoint 'FoodOrderingSystemAPI.Controllers.MenuController.GetAllFoodCategoriesAsync (FoodOrderingSystemAPI)'
2023-12-30 19:59:42.389 +05:30 [INF] Route matched with {action = "GetAllFoodCategories", controller = "Menu"}. Executing controller action with signature System.Threading.Tasks.Task`1[Microsoft.AspNetCore.Mvc.IActionResult] GetAllFoodCategoriesAsync() on controller FoodOrderingSystemAPI.Controllers.MenuController (FoodOrderingSystemAPI).
2023-12-30 19:59:42.445 +05:30 [INF] Executed DbCommand (49ms) [Parameters=[], CommandType='"Text"', CommandTimeout='30']
SELECT [t].[category], [t0].[id], [t0].[FoodCategoryname], [t0].[IsInGallery], [t0].[calories], [t0].[category], [t0].[description], [t0].[imageUrl], [t0].[isVegan], [t0].[name], [t0].[price]
FROM (
    SELECT [f].[category]
    FROM [FoodItems] AS [f]
    GROUP BY [f].[category]
) AS [t]
LEFT JOIN (
    SELECT [f0].[id], [f0].[FoodCategoryname], [f0].[IsInGallery], [f0].[calories], [f0].[category], [f0].[description], [f0].[imageUrl], [f0].[isVegan], [f0].[name], [f0].[price]
    FROM [FoodItems] AS [f0]
    WHERE [f0].[IsInGallery] = CAST(0 AS bit)
) AS [t0] ON [t].[category] = [t0].[category]
ORDER BY [t].[category]
2023-12-30 19:59:42.545 +05:30 [INF] Executing OkObjectResult, writing value of type 'System.Collections.Generic.List`1[[FoodOrderingSystemAPI.Models.FoodCategory, FoodOrderingSystemAPI, Version=1.0.0.0, Culture=neutral, PublicKeyToken=null]]'.
2023-12-30 19:59:42.547 +05:30 [INF] Executed action FoodOrderingSystemAPI.Controllers.MenuController.GetAllFoodCategoriesAsync (FoodOrderingSystemAPI) in 157.9901ms
2023-12-30 19:59:42.547 +05:30 [INF] Executed endpoint 'FoodOrderingSystemAPI.Controllers.MenuController.GetAllFoodCategoriesAsync (FoodOrderingSystemAPI)'
2023-12-30 19:59:42.548 +05:30 [INF] Request finished HTTP/1.1 GET http://localhost:5038/api/Menu/Categories - - - 200 - application/json;+charset=utf-8 161.3618ms
2023-12-30 19:59:42.556 +05:30 [INF] Request starting HTTP/1.1 OPTIONS http://localhost:5038/api/logs - -
2023-12-30 19:59:42.556 +05:30 [INF] CORS policy execution successful.
2023-12-30 19:59:42.556 +05:30 [INF] Request finished HTTP/1.1 OPTIONS http://localhost:5038/api/logs - - - 204 - - 0.5966ms
2023-12-30 19:59:42.558 +05:30 [INF] Request starting HTTP/1.1 POST http://localhost:5038/api/logs application/json 87
2023-12-30 19:59:42.558 +05:30 [INF] CORS policy execution successful.
2023-12-30 19:59:42.558 +05:30 [INF] Executing endpoint 'LogsController.LogMessage (FoodOrderingSystemAPI)'
2023-12-30 19:59:42.558 +05:30 [INF] Route matched with {action = "LogMessage", controller = "Logs"}. Executing controller action with signature Microsoft.AspNetCore.Mvc.IActionResult LogMessage(FoodOrderingSystemAPI.Models.LogModel) on controller LogsController (FoodOrderingSystemAPI).
2023-12-30 19:59:42.559 +05:30 [INF] LogMessage: Fetched menu items successfully., Severity: Information
2023-12-30 19:59:42.559 +05:30 [INF] Executing StatusCodeResult, setting HTTP status code 200
2023-12-30 19:59:42.559 +05:30 [INF] Executed action LogsController.LogMessage (FoodOrderingSystemAPI) in 0.8559ms
2023-12-30 19:59:42.560 +05:30 [INF] Executed endpoint 'LogsController.LogMessage (FoodOrderingSystemAPI)'
2023-12-30 19:59:42.560 +05:30 [INF] Request finished HTTP/1.1 POST http://localhost:5038/api/logs application/json 87 - 200 0 - 2.3825ms
2023-12-30 19:59:47.421 +05:30 [INF] Request starting HTTP/1.1 GET http://localhost:5038/api/Menu/Gallery - -
2023-12-30 19:59:47.422 +05:30 [INF] CORS policy execution successful.
2023-12-30 19:59:47.422 +05:30 [INF] Executing endpoint 'FoodOrderingSystemAPI.Controllers.MenuController.GetGalleryItemsAsync (FoodOrderingSystemAPI)'
2023-12-30 19:59:47.422 +05:30 [INF] Route matched with {action = "GetGalleryItems", controller = "Menu"}. Executing controller action with signature System.Threading.Tasks.Task`1[Microsoft.AspNetCore.Mvc.IActionResult] GetGalleryItemsAsync() on controller FoodOrderingSystemAPI.Controllers.MenuController (FoodOrderingSystemAPI).
2023-12-30 19:59:47.470 +05:30 [INF] Executed DbCommand (47ms) [Parameters=[], CommandType='"Text"', CommandTimeout='30']
SELECT [f].[id], [f].[FoodCategoryname], [f].[IsInGallery], [f].[calories], [f].[category], [f].[description], [f].[imageUrl], [f].[isVegan], [f].[name], [f].[price]
FROM [FoodItems] AS [f]
WHERE [f].[IsInGallery] = CAST(1 AS bit)
2023-12-30 19:59:47.554 +05:30 [INF] Executing OkObjectResult, writing value of type 'System.Collections.Generic.List`1[[FoodOrderingSystemAPI.Models.FoodItem, FoodOrderingSystemAPI, Version=1.0.0.0, Culture=neutral, PublicKeyToken=null]]'.
2023-12-30 19:59:47.555 +05:30 [INF] Executed action FoodOrderingSystemAPI.Controllers.MenuController.GetGalleryItemsAsync (FoodOrderingSystemAPI) in 133.5426ms
2023-12-30 19:59:47.556 +05:30 [INF] Executed endpoint 'FoodOrderingSystemAPI.Controllers.MenuController.GetGalleryItemsAsync (FoodOrderingSystemAPI)'
2023-12-30 19:59:47.556 +05:30 [INF] Request finished HTTP/1.1 GET http://localhost:5038/api/Menu/Gallery - - - 200 - application/json;+charset=utf-8 134.5220ms
2023-12-30 19:59:48.166 +05:30 [INF] Request starting HTTP/1.1 OPTIONS http://localhost:5038/api/logs - -
2023-12-30 19:59:48.167 +05:30 [INF] CORS policy execution successful.
2023-12-30 19:59:48.168 +05:30 [INF] Request finished HTTP/1.1 OPTIONS http://localhost:5038/api/logs - - - 204 - - 2.1358ms
2023-12-30 19:59:48.169 +05:30 [INF] Request starting HTTP/1.1 POST http://localhost:5038/api/logs application/json 90
2023-12-30 19:59:48.170 +05:30 [INF] CORS policy execution successful.
2023-12-30 19:59:48.170 +05:30 [INF] Executing endpoint 'LogsController.LogMessage (FoodOrderingSystemAPI)'
2023-12-30 19:59:48.170 +05:30 [INF] Route matched with {action = "LogMessage", controller = "Logs"}. Executing controller action with signature Microsoft.AspNetCore.Mvc.IActionResult LogMessage(FoodOrderingSystemAPI.Models.LogModel) on controller LogsController (FoodOrderingSystemAPI).
2023-12-30 19:59:48.171 +05:30 [INF] LogMessage: Fetched gallery items successfully., Severity: Information
2023-12-30 19:59:48.171 +05:30 [INF] Executing StatusCodeResult, setting HTTP status code 200
2023-12-30 19:59:48.171 +05:30 [INF] Executed action LogsController.LogMessage (FoodOrderingSystemAPI) in 1.0516ms
2023-12-30 19:59:48.171 +05:30 [INF] Executed endpoint 'LogsController.LogMessage (FoodOrderingSystemAPI)'
2023-12-30 19:59:48.172 +05:30 [INF] Request finished HTTP/1.1 POST http://localhost:5038/api/logs application/json 90 - 200 0 - 2.2864ms
2023-12-30 20:01:46.891 +05:30 [INF] Request starting HTTP/1.1 GET http://localhost:5038/api/Menu/Gallery - -
2023-12-30 20:01:46.892 +05:30 [INF] CORS policy execution successful.
2023-12-30 20:01:46.892 +05:30 [INF] Executing endpoint 'FoodOrderingSystemAPI.Controllers.MenuController.GetGalleryItemsAsync (FoodOrderingSystemAPI)'
2023-12-30 20:01:46.892 +05:30 [INF] Route matched with {action = "GetGalleryItems", controller = "Menu"}. Executing controller action with signature System.Threading.Tasks.Task`1[Microsoft.AspNetCore.Mvc.IActionResult] GetGalleryItemsAsync() on controller FoodOrderingSystemAPI.Controllers.MenuController (FoodOrderingSystemAPI).
2023-12-30 20:01:46.901 +05:30 [INF] Executed DbCommand (6ms) [Parameters=[], CommandType='"Text"', CommandTimeout='30']
SELECT [f].[id], [f].[FoodCategoryname], [f].[IsInGallery], [f].[calories], [f].[category], [f].[description], [f].[imageUrl], [f].[isVegan], [f].[name], [f].[price]
FROM [FoodItems] AS [f]
WHERE [f].[IsInGallery] = CAST(1 AS bit)
2023-12-30 20:01:46.907 +05:30 [INF] Executing OkObjectResult, writing value of type 'System.Collections.Generic.List`1[[FoodOrderingSystemAPI.Models.FoodItem, FoodOrderingSystemAPI, Version=1.0.0.0, Culture=neutral, PublicKeyToken=null]]'.
2023-12-30 20:01:46.909 +05:30 [INF] Executed action FoodOrderingSystemAPI.Controllers.MenuController.GetGalleryItemsAsync (FoodOrderingSystemAPI) in 16.6592ms
2023-12-30 20:01:46.909 +05:30 [INF] Executed endpoint 'FoodOrderingSystemAPI.Controllers.MenuController.GetGalleryItemsAsync (FoodOrderingSystemAPI)'
2023-12-30 20:01:46.909 +05:30 [INF] Request finished HTTP/1.1 GET http://localhost:5038/api/Menu/Gallery - - - 200 - application/json;+charset=utf-8 18.2481ms
2023-12-30 20:01:46.933 +05:30 [INF] Request starting HTTP/1.1 OPTIONS http://localhost:5038/api/logs - -
2023-12-30 20:01:46.934 +05:30 [INF] CORS policy execution successful.
2023-12-30 20:01:46.935 +05:30 [INF] Request finished HTTP/1.1 OPTIONS http://localhost:5038/api/logs - - - 204 - - 1.5378ms
2023-12-30 20:01:46.943 +05:30 [INF] Request starting HTTP/1.1 POST http://localhost:5038/api/logs application/json 90
2023-12-30 20:01:46.944 +05:30 [INF] CORS policy execution successful.
2023-12-30 20:01:46.944 +05:30 [INF] Executing endpoint 'LogsController.LogMessage (FoodOrderingSystemAPI)'
2023-12-30 20:01:46.944 +05:30 [INF] Route matched with {action = "LogMessage", controller = "Logs"}. Executing controller action with signature Microsoft.AspNetCore.Mvc.IActionResult LogMessage(FoodOrderingSystemAPI.Models.LogModel) on controller LogsController (FoodOrderingSystemAPI).
2023-12-30 20:01:46.948 +05:30 [INF] LogMessage: Fetched gallery items successfully., Severity: Information
2023-12-30 20:01:46.948 +05:30 [INF] Executing StatusCodeResult, setting HTTP status code 200
2023-12-30 20:01:46.948 +05:30 [INF] Executed action LogsController.LogMessage (FoodOrderingSystemAPI) in 3.5118ms
2023-12-30 20:01:46.948 +05:30 [INF] Executed endpoint 'LogsController.LogMessage (FoodOrderingSystemAPI)'
2023-12-30 20:01:46.948 +05:30 [INF] Request finished HTTP/1.1 POST http://localhost:5038/api/logs application/json 90 - 200 0 - 4.6892ms
2023-12-30 20:08:51.403 +05:30 [INF] Request starting HTTP/1.1 GET http://localhost:5038/api/Menu/Gallery - -
2023-12-30 20:08:51.404 +05:30 [INF] CORS policy execution successful.
2023-12-30 20:08:51.404 +05:30 [INF] Executing endpoint 'FoodOrderingSystemAPI.Controllers.MenuController.GetGalleryItemsAsync (FoodOrderingSystemAPI)'
2023-12-30 20:08:51.405 +05:30 [INF] Route matched with {action = "GetGalleryItems", controller = "Menu"}. Executing controller action with signature System.Threading.Tasks.Task`1[Microsoft.AspNetCore.Mvc.IActionResult] GetGalleryItemsAsync() on controller FoodOrderingSystemAPI.Controllers.MenuController (FoodOrderingSystemAPI).
2023-12-30 20:08:51.428 +05:30 [INF] Executed DbCommand (8ms) [Parameters=[], CommandType='"Text"', CommandTimeout='30']
SELECT [f].[id], [f].[FoodCategoryname], [f].[IsInGallery], [f].[calories], [f].[category], [f].[description], [f].[imageUrl], [f].[isVegan], [f].[name], [f].[price]
FROM [FoodItems] AS [f]
WHERE [f].[IsInGallery] = CAST(1 AS bit)
2023-12-30 20:08:51.433 +05:30 [INF] Executing OkObjectResult, writing value of type 'System.Collections.Generic.List`1[[FoodOrderingSystemAPI.Models.FoodItem, FoodOrderingSystemAPI, Version=1.0.0.0, Culture=neutral, PublicKeyToken=null]]'.
2023-12-30 20:08:51.435 +05:30 [INF] Executed action FoodOrderingSystemAPI.Controllers.MenuController.GetGalleryItemsAsync (FoodOrderingSystemAPI) in 30.3007ms
2023-12-30 20:08:51.435 +05:30 [INF] Executed endpoint 'FoodOrderingSystemAPI.Controllers.MenuController.GetGalleryItemsAsync (FoodOrderingSystemAPI)'
2023-12-30 20:08:51.436 +05:30 [INF] Request finished HTTP/1.1 GET http://localhost:5038/api/Menu/Gallery - - - 200 - application/json;+charset=utf-8 32.7119ms
2023-12-30 20:08:51.637 +05:30 [INF] Request starting HTTP/1.1 OPTIONS http://localhost:5038/api/logs - -
2023-12-30 20:08:51.638 +05:30 [INF] CORS policy execution successful.
2023-12-30 20:08:51.638 +05:30 [INF] Request finished HTTP/1.1 OPTIONS http://localhost:5038/api/logs - - - 204 - - 0.8616ms
2023-12-30 20:08:51.642 +05:30 [INF] Request starting HTTP/1.1 POST http://localhost:5038/api/logs application/json 90
2023-12-30 20:08:51.643 +05:30 [INF] CORS policy execution successful.
2023-12-30 20:08:51.643 +05:30 [INF] Executing endpoint 'LogsController.LogMessage (FoodOrderingSystemAPI)'
2023-12-30 20:08:51.643 +05:30 [INF] Route matched with {action = "LogMessage", controller = "Logs"}. Executing controller action with signature Microsoft.AspNetCore.Mvc.IActionResult LogMessage(FoodOrderingSystemAPI.Models.LogModel) on controller LogsController (FoodOrderingSystemAPI).
2023-12-30 20:08:51.644 +05:30 [INF] LogMessage: Fetched gallery items successfully., Severity: Information
2023-12-30 20:08:51.644 +05:30 [INF] Executing StatusCodeResult, setting HTTP status code 200
2023-12-30 20:08:51.644 +05:30 [INF] Executed action LogsController.LogMessage (FoodOrderingSystemAPI) in 1.12ms
2023-12-30 20:08:51.644 +05:30 [INF] Executed endpoint 'LogsController.LogMessage (FoodOrderingSystemAPI)'
2023-12-30 20:08:51.645 +05:30 [INF] Request finished HTTP/1.1 POST http://localhost:5038/api/logs application/json 90 - 200 0 - 2.9932ms
2023-12-30 20:09:01.912 +05:30 [INF] Request starting HTTP/1.1 GET http://localhost:5038/api/Menu/Categories - -
2023-12-30 20:09:01.913 +05:30 [INF] CORS policy execution successful.
2023-12-30 20:09:01.914 +05:30 [INF] Executing endpoint 'FoodOrderingSystemAPI.Controllers.MenuController.GetAllFoodCategoriesAsync (FoodOrderingSystemAPI)'
2023-12-30 20:09:01.915 +05:30 [INF] Route matched with {action = "GetAllFoodCategories", controller = "Menu"}. Executing controller action with signature System.Threading.Tasks.Task`1[Microsoft.AspNetCore.Mvc.IActionResult] GetAllFoodCategoriesAsync() on controller FoodOrderingSystemAPI.Controllers.MenuController (FoodOrderingSystemAPI).
2023-12-30 20:09:01.931 +05:30 [INF] Executed DbCommand (13ms) [Parameters=[], CommandType='"Text"', CommandTimeout='30']
SELECT [t].[category], [t0].[id], [t0].[FoodCategoryname], [t0].[IsInGallery], [t0].[calories], [t0].[category], [t0].[description], [t0].[imageUrl], [t0].[isVegan], [t0].[name], [t0].[price]
FROM (
    SELECT [f].[category]
    FROM [FoodItems] AS [f]
    GROUP BY [f].[category]
) AS [t]
LEFT JOIN (
    SELECT [f0].[id], [f0].[FoodCategoryname], [f0].[IsInGallery], [f0].[calories], [f0].[category], [f0].[description], [f0].[imageUrl], [f0].[isVegan], [f0].[name], [f0].[price]
    FROM [FoodItems] AS [f0]
    WHERE [f0].[IsInGallery] = CAST(0 AS bit)
) AS [t0] ON [t].[category] = [t0].[category]
ORDER BY [t].[category]
2023-12-30 20:09:01.946 +05:30 [INF] Executing OkObjectResult, writing value of type 'System.Collections.Generic.List`1[[FoodOrderingSystemAPI.Models.FoodCategory, FoodOrderingSystemAPI, Version=1.0.0.0, Culture=neutral, PublicKeyToken=null]]'.
2023-12-30 20:09:01.949 +05:30 [INF] Executed action FoodOrderingSystemAPI.Controllers.MenuController.GetAllFoodCategoriesAsync (FoodOrderingSystemAPI) in 33.8013ms
2023-12-30 20:09:01.949 +05:30 [INF] Executed endpoint 'FoodOrderingSystemAPI.Controllers.MenuController.GetAllFoodCategoriesAsync (FoodOrderingSystemAPI)'
2023-12-30 20:09:01.949 +05:30 [INF] Request finished HTTP/1.1 GET http://localhost:5038/api/Menu/Categories - - - 200 - application/json;+charset=utf-8 37.5375ms
2023-12-30 20:09:01.972 +05:30 [INF] Request starting HTTP/1.1 OPTIONS http://localhost:5038/api/logs - -
2023-12-30 20:09:01.972 +05:30 [INF] CORS policy execution successful.
2023-12-30 20:09:01.972 +05:30 [INF] Request finished HTTP/1.1 OPTIONS http://localhost:5038/api/logs - - - 204 - - 0.6106ms
2023-12-30 20:09:01.981 +05:30 [INF] Request starting HTTP/1.1 POST http://localhost:5038/api/logs application/json 87
2023-12-30 20:09:01.982 +05:30 [INF] CORS policy execution successful.
2023-12-30 20:09:01.983 +05:30 [INF] Executing endpoint 'LogsController.LogMessage (FoodOrderingSystemAPI)'
2023-12-30 20:09:01.983 +05:30 [INF] Route matched with {action = "LogMessage", controller = "Logs"}. Executing controller action with signature Microsoft.AspNetCore.Mvc.IActionResult LogMessage(FoodOrderingSystemAPI.Models.LogModel) on controller LogsController (FoodOrderingSystemAPI).
2023-12-30 20:09:01.986 +05:30 [INF] LogMessage: Fetched menu items successfully., Severity: Information
2023-12-30 20:09:01.987 +05:30 [INF] Executing StatusCodeResult, setting HTTP status code 200
2023-12-30 20:09:01.987 +05:30 [INF] Executed action LogsController.LogMessage (FoodOrderingSystemAPI) in 3.0616ms
2023-12-30 20:09:01.987 +05:30 [INF] Executed endpoint 'LogsController.LogMessage (FoodOrderingSystemAPI)'
2023-12-30 20:09:01.987 +05:30 [INF] Request finished HTTP/1.1 POST http://localhost:5038/api/logs application/json 87 - 200 0 - 6.1347ms
2023-12-30 20:58:30.060 +05:30 [INF] Request starting HTTP/1.1 GET http://localhost:5038/api/Menu/Gallery - -
2023-12-30 20:58:30.061 +05:30 [INF] CORS policy execution successful.
2023-12-30 20:58:30.061 +05:30 [INF] Executing endpoint 'FoodOrderingSystemAPI.Controllers.MenuController.GetGalleryItemsAsync (FoodOrderingSystemAPI)'
2023-12-30 20:58:30.061 +05:30 [INF] Route matched with {action = "GetGalleryItems", controller = "Menu"}. Executing controller action with signature System.Threading.Tasks.Task`1[Microsoft.AspNetCore.Mvc.IActionResult] GetGalleryItemsAsync() on controller FoodOrderingSystemAPI.Controllers.MenuController (FoodOrderingSystemAPI).
2023-12-30 20:58:30.099 +05:30 [INF] Executed DbCommand (6ms) [Parameters=[], CommandType='"Text"', CommandTimeout='30']
SELECT [f].[id], [f].[FoodCategoryname], [f].[IsInGallery], [f].[calories], [f].[category], [f].[description], [f].[imageUrl], [f].[isVegan], [f].[name], [f].[price]
FROM [FoodItems] AS [f]
WHERE [f].[IsInGallery] = CAST(1 AS bit)
2023-12-30 20:58:30.272 +05:30 [INF] Executing OkObjectResult, writing value of type 'System.Collections.Generic.List`1[[FoodOrderingSystemAPI.Models.FoodItem, FoodOrderingSystemAPI, Version=1.0.0.0, Culture=neutral, PublicKeyToken=null]]'.
2023-12-30 20:58:30.274 +05:30 [INF] Executed action FoodOrderingSystemAPI.Controllers.MenuController.GetGalleryItemsAsync (FoodOrderingSystemAPI) in 212.312ms
2023-12-30 20:58:30.274 +05:30 [INF] Executed endpoint 'FoodOrderingSystemAPI.Controllers.MenuController.GetGalleryItemsAsync (FoodOrderingSystemAPI)'
2023-12-30 20:58:30.274 +05:30 [INF] Request finished HTTP/1.1 GET http://localhost:5038/api/Menu/Gallery - - - 200 - application/json;+charset=utf-8 213.8297ms
2023-12-30 20:58:30.288 +05:30 [INF] Request starting HTTP/1.1 OPTIONS http://localhost:5038/api/logs - -
2023-12-30 20:58:30.289 +05:30 [INF] CORS policy execution successful.
2023-12-30 20:58:30.289 +05:30 [INF] Request finished HTTP/1.1 OPTIONS http://localhost:5038/api/logs - - - 204 - - 0.8199ms
2023-12-30 20:58:30.294 +05:30 [INF] Request starting HTTP/1.1 POST http://localhost:5038/api/logs application/json 90
2023-12-30 20:58:30.294 +05:30 [INF] CORS policy execution successful.
2023-12-30 20:58:30.294 +05:30 [INF] Executing endpoint 'LogsController.LogMessage (FoodOrderingSystemAPI)'
2023-12-30 20:58:30.294 +05:30 [INF] Route matched with {action = "LogMessage", controller = "Logs"}. Executing controller action with signature Microsoft.AspNetCore.Mvc.IActionResult LogMessage(FoodOrderingSystemAPI.Models.LogModel) on controller LogsController (FoodOrderingSystemAPI).
2023-12-30 20:58:30.296 +05:30 [INF] LogMessage: Fetched gallery items successfully., Severity: Information
2023-12-30 20:58:30.296 +05:30 [INF] Executing StatusCodeResult, setting HTTP status code 200
2023-12-30 20:58:30.296 +05:30 [INF] Executed action LogsController.LogMessage (FoodOrderingSystemAPI) in 1.4796ms
2023-12-30 20:58:30.296 +05:30 [INF] Executed endpoint 'LogsController.LogMessage (FoodOrderingSystemAPI)'
2023-12-30 20:58:30.298 +05:30 [INF] Request finished HTTP/1.1 POST http://localhost:5038/api/logs application/json 90 - 200 0 - 4.8073ms
2023-12-30 20:58:44.062 +05:30 [INF] Request starting HTTP/1.1 GET http://localhost:5038/api/Menu/Categories - -
2023-12-30 20:58:44.065 +05:30 [INF] CORS policy execution successful.
2023-12-30 20:58:44.065 +05:30 [INF] Executing endpoint 'FoodOrderingSystemAPI.Controllers.MenuController.GetAllFoodCategoriesAsync (FoodOrderingSystemAPI)'
2023-12-30 20:58:44.066 +05:30 [INF] Route matched with {action = "GetAllFoodCategories", controller = "Menu"}. Executing controller action with signature System.Threading.Tasks.Task`1[Microsoft.AspNetCore.Mvc.IActionResult] GetAllFoodCategoriesAsync() on controller FoodOrderingSystemAPI.Controllers.MenuController (FoodOrderingSystemAPI).
2023-12-30 20:58:44.083 +05:30 [INF] Executed DbCommand (15ms) [Parameters=[], CommandType='"Text"', CommandTimeout='30']
SELECT [t].[category], [t0].[id], [t0].[FoodCategoryname], [t0].[IsInGallery], [t0].[calories], [t0].[category], [t0].[description], [t0].[imageUrl], [t0].[isVegan], [t0].[name], [t0].[price]
FROM (
    SELECT [f].[category]
    FROM [FoodItems] AS [f]
    GROUP BY [f].[category]
) AS [t]
LEFT JOIN (
    SELECT [f0].[id], [f0].[FoodCategoryname], [f0].[IsInGallery], [f0].[calories], [f0].[category], [f0].[description], [f0].[imageUrl], [f0].[isVegan], [f0].[name], [f0].[price]
    FROM [FoodItems] AS [f0]
    WHERE [f0].[IsInGallery] = CAST(0 AS bit)
) AS [t0] ON [t].[category] = [t0].[category]
ORDER BY [t].[category]
2023-12-30 20:58:44.091 +05:30 [INF] Executing OkObjectResult, writing value of type 'System.Collections.Generic.List`1[[FoodOrderingSystemAPI.Models.FoodCategory, FoodOrderingSystemAPI, Version=1.0.0.0, Culture=neutral, PublicKeyToken=null]]'.
2023-12-30 20:58:44.094 +05:30 [INF] Executed action FoodOrderingSystemAPI.Controllers.MenuController.GetAllFoodCategoriesAsync (FoodOrderingSystemAPI) in 28.1786ms
2023-12-30 20:58:44.095 +05:30 [INF] Executed endpoint 'FoodOrderingSystemAPI.Controllers.MenuController.GetAllFoodCategoriesAsync (FoodOrderingSystemAPI)'
2023-12-30 20:58:44.095 +05:30 [INF] Request finished HTTP/1.1 GET http://localhost:5038/api/Menu/Categories - - - 200 - application/json;+charset=utf-8 32.8173ms
2023-12-30 20:58:44.103 +05:30 [INF] Request starting HTTP/1.1 OPTIONS http://localhost:5038/api/logs - -
2023-12-30 20:58:44.103 +05:30 [INF] CORS policy execution successful.
2023-12-30 20:58:44.103 +05:30 [INF] Request finished HTTP/1.1 OPTIONS http://localhost:5038/api/logs - - - 204 - - 0.3541ms
2023-12-30 20:58:44.111 +05:30 [INF] Request starting HTTP/1.1 POST http://localhost:5038/api/logs application/json 87
2023-12-30 20:58:44.111 +05:30 [INF] CORS policy execution successful.
2023-12-30 20:58:44.152 +05:30 [INF] Executing endpoint 'LogsController.LogMessage (FoodOrderingSystemAPI)'
2023-12-30 20:58:44.197 +05:30 [INF] Route matched with {action = "LogMessage", controller = "Logs"}. Executing controller action with signature Microsoft.AspNetCore.Mvc.IActionResult LogMessage(FoodOrderingSystemAPI.Models.LogModel) on controller LogsController (FoodOrderingSystemAPI).
2023-12-30 20:58:44.199 +05:30 [INF] LogMessage: Fetched menu items successfully., Severity: Information
2023-12-30 20:58:44.199 +05:30 [INF] Executing StatusCodeResult, setting HTTP status code 200
2023-12-30 20:58:44.199 +05:30 [INF] Executed action LogsController.LogMessage (FoodOrderingSystemAPI) in 2.3902ms
2023-12-30 20:58:44.199 +05:30 [INF] Executed endpoint 'LogsController.LogMessage (FoodOrderingSystemAPI)'
2023-12-30 20:58:44.199 +05:30 [INF] Request finished HTTP/1.1 POST http://localhost:5038/api/logs application/json 87 - 200 0 - 88.7824ms
2023-12-30 20:58:52.380 +05:30 [INF] Request starting HTTP/1.1 GET http://localhost:5038/api/Menu/Gallery - -
2023-12-30 20:58:52.380 +05:30 [INF] CORS policy execution successful.
2023-12-30 20:58:52.380 +05:30 [INF] Executing endpoint 'FoodOrderingSystemAPI.Controllers.MenuController.GetGalleryItemsAsync (FoodOrderingSystemAPI)'
2023-12-30 20:58:52.380 +05:30 [INF] Route matched with {action = "GetGalleryItems", controller = "Menu"}. Executing controller action with signature System.Threading.Tasks.Task`1[Microsoft.AspNetCore.Mvc.IActionResult] GetGalleryItemsAsync() on controller FoodOrderingSystemAPI.Controllers.MenuController (FoodOrderingSystemAPI).
2023-12-30 20:58:52.382 +05:30 [INF] Executed DbCommand (1ms) [Parameters=[], CommandType='"Text"', CommandTimeout='30']
SELECT [f].[id], [f].[FoodCategoryname], [f].[IsInGallery], [f].[calories], [f].[category], [f].[description], [f].[imageUrl], [f].[isVegan], [f].[name], [f].[price]
FROM [FoodItems] AS [f]
WHERE [f].[IsInGallery] = CAST(1 AS bit)
2023-12-30 20:58:52.386 +05:30 [INF] Executing OkObjectResult, writing value of type 'System.Collections.Generic.List`1[[FoodOrderingSystemAPI.Models.FoodItem, FoodOrderingSystemAPI, Version=1.0.0.0, Culture=neutral, PublicKeyToken=null]]'.
2023-12-30 20:58:52.387 +05:30 [INF] Executed action FoodOrderingSystemAPI.Controllers.MenuController.GetGalleryItemsAsync (FoodOrderingSystemAPI) in 6.1115ms
2023-12-30 20:58:52.387 +05:30 [INF] Executed endpoint 'FoodOrderingSystemAPI.Controllers.MenuController.GetGalleryItemsAsync (FoodOrderingSystemAPI)'
2023-12-30 20:58:52.387 +05:30 [INF] Request finished HTTP/1.1 GET http://localhost:5038/api/Menu/Gallery - - - 200 - application/json;+charset=utf-8 7.1398ms
2023-12-30 20:58:52.405 +05:30 [INF] Request starting HTTP/1.1 OPTIONS http://localhost:5038/api/logs - -
2023-12-30 20:58:52.406 +05:30 [INF] CORS policy execution successful.
2023-12-30 20:58:52.406 +05:30 [INF] Request finished HTTP/1.1 OPTIONS http://localhost:5038/api/logs - - - 204 - - 0.3418ms
2023-12-30 20:58:52.407 +05:30 [INF] Request starting HTTP/1.1 POST http://localhost:5038/api/logs application/json 90
2023-12-30 20:58:52.408 +05:30 [INF] CORS policy execution successful.
2023-12-30 20:58:52.408 +05:30 [INF] Executing endpoint 'LogsController.LogMessage (FoodOrderingSystemAPI)'
2023-12-30 20:58:52.408 +05:30 [INF] Route matched with {action = "LogMessage", controller = "Logs"}. Executing controller action with signature Microsoft.AspNetCore.Mvc.IActionResult LogMessage(FoodOrderingSystemAPI.Models.LogModel) on controller LogsController (FoodOrderingSystemAPI).
2023-12-30 20:58:52.409 +05:30 [INF] LogMessage: Fetched gallery items successfully., Severity: Information
2023-12-30 20:58:52.410 +05:30 [INF] Executing StatusCodeResult, setting HTTP status code 200
2023-12-30 20:58:52.411 +05:30 [INF] Executed action LogsController.LogMessage (FoodOrderingSystemAPI) in 2.1507ms
2023-12-30 20:58:52.411 +05:30 [INF] Executed endpoint 'LogsController.LogMessage (FoodOrderingSystemAPI)'
2023-12-30 20:58:52.411 +05:30 [INF] Request finished HTTP/1.1 POST http://localhost:5038/api/logs application/json 90 - 200 0 - 3.7074ms
2023-12-30 21:00:15.168 +05:30 [INF] Request starting HTTP/1.1 GET http://localhost:5038/api/Menu/Categories - -
2023-12-30 21:00:15.169 +05:30 [INF] CORS policy execution successful.
2023-12-30 21:00:15.169 +05:30 [INF] Executing endpoint 'FoodOrderingSystemAPI.Controllers.MenuController.GetAllFoodCategoriesAsync (FoodOrderingSystemAPI)'
2023-12-30 21:00:15.169 +05:30 [INF] Route matched with {action = "GetAllFoodCategories", controller = "Menu"}. Executing controller action with signature System.Threading.Tasks.Task`1[Microsoft.AspNetCore.Mvc.IActionResult] GetAllFoodCategoriesAsync() on controller FoodOrderingSystemAPI.Controllers.MenuController (FoodOrderingSystemAPI).
2023-12-30 21:00:15.187 +05:30 [INF] Executed DbCommand (14ms) [Parameters=[], CommandType='"Text"', CommandTimeout='30']
SELECT [t].[category], [t0].[id], [t0].[FoodCategoryname], [t0].[IsInGallery], [t0].[calories], [t0].[category], [t0].[description], [t0].[imageUrl], [t0].[isVegan], [t0].[name], [t0].[price]
FROM (
    SELECT [f].[category]
    FROM [FoodItems] AS [f]
    GROUP BY [f].[category]
) AS [t]
LEFT JOIN (
    SELECT [f0].[id], [f0].[FoodCategoryname], [f0].[IsInGallery], [f0].[calories], [f0].[category], [f0].[description], [f0].[imageUrl], [f0].[isVegan], [f0].[name], [f0].[price]
    FROM [FoodItems] AS [f0]
    WHERE [f0].[IsInGallery] = CAST(0 AS bit)
) AS [t0] ON [t].[category] = [t0].[category]
ORDER BY [t].[category]
2023-12-30 21:00:15.204 +05:30 [INF] Executing OkObjectResult, writing value of type 'System.Collections.Generic.List`1[[FoodOrderingSystemAPI.Models.FoodCategory, FoodOrderingSystemAPI, Version=1.0.0.0, Culture=neutral, PublicKeyToken=null]]'.
2023-12-30 21:00:15.206 +05:30 [INF] Executed action FoodOrderingSystemAPI.Controllers.MenuController.GetAllFoodCategoriesAsync (FoodOrderingSystemAPI) in 36.8969ms
2023-12-30 21:00:15.206 +05:30 [INF] Executed endpoint 'FoodOrderingSystemAPI.Controllers.MenuController.GetAllFoodCategoriesAsync (FoodOrderingSystemAPI)'
2023-12-30 21:00:15.207 +05:30 [INF] Request finished HTTP/1.1 GET http://localhost:5038/api/Menu/Categories - - - 200 - application/json;+charset=utf-8 38.9369ms
2023-12-30 21:00:15.233 +05:30 [INF] Request starting HTTP/1.1 OPTIONS http://localhost:5038/api/logs - -
2023-12-30 21:00:15.233 +05:30 [INF] CORS policy execution successful.
2023-12-30 21:00:15.234 +05:30 [INF] Request finished HTTP/1.1 OPTIONS http://localhost:5038/api/logs - - - 204 - - 0.4822ms
2023-12-30 21:00:15.235 +05:30 [INF] Request starting HTTP/1.1 POST http://localhost:5038/api/logs application/json 87
2023-12-30 21:00:15.235 +05:30 [INF] CORS policy execution successful.
2023-12-30 21:00:15.235 +05:30 [INF] Executing endpoint 'LogsController.LogMessage (FoodOrderingSystemAPI)'
2023-12-30 21:00:15.235 +05:30 [INF] Route matched with {action = "LogMessage", controller = "Logs"}. Executing controller action with signature Microsoft.AspNetCore.Mvc.IActionResult LogMessage(FoodOrderingSystemAPI.Models.LogModel) on controller LogsController (FoodOrderingSystemAPI).
2023-12-30 21:00:15.236 +05:30 [INF] LogMessage: Fetched menu items successfully., Severity: Information
2023-12-30 21:00:15.237 +05:30 [INF] Executing StatusCodeResult, setting HTTP status code 200
2023-12-30 21:00:15.237 +05:30 [INF] Executed action LogsController.LogMessage (FoodOrderingSystemAPI) in 1.865ms
2023-12-30 21:00:15.237 +05:30 [INF] Executed endpoint 'LogsController.LogMessage (FoodOrderingSystemAPI)'
2023-12-30 21:00:15.238 +05:30 [INF] Request finished HTTP/1.1 POST http://localhost:5038/api/logs application/json 87 - 200 0 - 2.4757ms
2023-12-30 21:00:27.789 +05:30 [INF] Request starting HTTP/1.1 GET http://localhost:5038/api/Menu/Gallery - -
2023-12-30 21:00:27.790 +05:30 [INF] CORS policy execution successful.
2023-12-30 21:00:27.790 +05:30 [INF] Executing endpoint 'FoodOrderingSystemAPI.Controllers.MenuController.GetGalleryItemsAsync (FoodOrderingSystemAPI)'
2023-12-30 21:00:27.790 +05:30 [INF] Route matched with {action = "GetGalleryItems", controller = "Menu"}. Executing controller action with signature System.Threading.Tasks.Task`1[Microsoft.AspNetCore.Mvc.IActionResult] GetGalleryItemsAsync() on controller FoodOrderingSystemAPI.Controllers.MenuController (FoodOrderingSystemAPI).
2023-12-30 21:00:27.794 +05:30 [INF] Executed DbCommand (3ms) [Parameters=[], CommandType='"Text"', CommandTimeout='30']
SELECT [f].[id], [f].[FoodCategoryname], [f].[IsInGallery], [f].[calories], [f].[category], [f].[description], [f].[imageUrl], [f].[isVegan], [f].[name], [f].[price]
FROM [FoodItems] AS [f]
WHERE [f].[IsInGallery] = CAST(1 AS bit)
2023-12-30 21:00:27.797 +05:30 [INF] Executing OkObjectResult, writing value of type 'System.Collections.Generic.List`1[[FoodOrderingSystemAPI.Models.FoodItem, FoodOrderingSystemAPI, Version=1.0.0.0, Culture=neutral, PublicKeyToken=null]]'.
2023-12-30 21:00:27.798 +05:30 [INF] Executed action FoodOrderingSystemAPI.Controllers.MenuController.GetGalleryItemsAsync (FoodOrderingSystemAPI) in 8.6447ms
2023-12-30 21:00:27.799 +05:30 [INF] Executed endpoint 'FoodOrderingSystemAPI.Controllers.MenuController.GetGalleryItemsAsync (FoodOrderingSystemAPI)'
2023-12-30 21:00:27.799 +05:30 [INF] Request finished HTTP/1.1 GET http://localhost:5038/api/Menu/Gallery - - - 200 - application/json;+charset=utf-8 9.3883ms
2023-12-30 21:00:27.832 +05:30 [INF] Request starting HTTP/1.1 OPTIONS http://localhost:5038/api/logs - -
2023-12-30 21:00:27.833 +05:30 [INF] CORS policy execution successful.
2023-12-30 21:00:27.833 +05:30 [INF] Request finished HTTP/1.1 OPTIONS http://localhost:5038/api/logs - - - 204 - - 0.3156ms
2023-12-30 21:00:27.834 +05:30 [INF] Request starting HTTP/1.1 POST http://localhost:5038/api/logs application/json 90
2023-12-30 21:00:27.834 +05:30 [INF] CORS policy execution successful.
2023-12-30 21:00:27.834 +05:30 [INF] Executing endpoint 'LogsController.LogMessage (FoodOrderingSystemAPI)'
2023-12-30 21:00:27.835 +05:30 [INF] Route matched with {action = "LogMessage", controller = "Logs"}. Executing controller action with signature Microsoft.AspNetCore.Mvc.IActionResult LogMessage(FoodOrderingSystemAPI.Models.LogModel) on controller LogsController (FoodOrderingSystemAPI).
2023-12-30 21:00:27.835 +05:30 [INF] LogMessage: Fetched gallery items successfully., Severity: Information
2023-12-30 21:00:27.835 +05:30 [INF] Executing StatusCodeResult, setting HTTP status code 200
2023-12-30 21:00:27.835 +05:30 [INF] Executed action LogsController.LogMessage (FoodOrderingSystemAPI) in 0.6917ms
2023-12-30 21:00:27.835 +05:30 [INF] Executed endpoint 'LogsController.LogMessage (FoodOrderingSystemAPI)'
2023-12-30 21:00:27.835 +05:30 [INF] Request finished HTTP/1.1 POST http://localhost:5038/api/logs application/json 90 - 200 0 - 1.4936ms
2023-12-30 21:01:24.246 +05:30 [INF] Request starting HTTP/1.1 GET http://localhost:5038/api/Menu/Categories - -
2023-12-30 21:01:24.246 +05:30 [INF] CORS policy execution successful.
2023-12-30 21:01:24.249 +05:30 [INF] Executing endpoint 'FoodOrderingSystemAPI.Controllers.MenuController.GetAllFoodCategoriesAsync (FoodOrderingSystemAPI)'
2023-12-30 21:01:24.249 +05:30 [INF] Route matched with {action = "GetAllFoodCategories", controller = "Menu"}. Executing controller action with signature System.Threading.Tasks.Task`1[Microsoft.AspNetCore.Mvc.IActionResult] GetAllFoodCategoriesAsync() on controller FoodOrderingSystemAPI.Controllers.MenuController (FoodOrderingSystemAPI).
2023-12-30 21:01:24.265 +05:30 [INF] Executed DbCommand (11ms) [Parameters=[], CommandType='"Text"', CommandTimeout='30']
SELECT [t].[category], [t0].[id], [t0].[FoodCategoryname], [t0].[IsInGallery], [t0].[calories], [t0].[category], [t0].[description], [t0].[imageUrl], [t0].[isVegan], [t0].[name], [t0].[price]
FROM (
    SELECT [f].[category]
    FROM [FoodItems] AS [f]
    GROUP BY [f].[category]
) AS [t]
LEFT JOIN (
    SELECT [f0].[id], [f0].[FoodCategoryname], [f0].[IsInGallery], [f0].[calories], [f0].[category], [f0].[description], [f0].[imageUrl], [f0].[isVegan], [f0].[name], [f0].[price]
    FROM [FoodItems] AS [f0]
    WHERE [f0].[IsInGallery] = CAST(0 AS bit)
) AS [t0] ON [t].[category] = [t0].[category]
ORDER BY [t].[category]
2023-12-30 21:01:24.276 +05:30 [INF] Executing OkObjectResult, writing value of type 'System.Collections.Generic.List`1[[FoodOrderingSystemAPI.Models.FoodCategory, FoodOrderingSystemAPI, Version=1.0.0.0, Culture=neutral, PublicKeyToken=null]]'.
2023-12-30 21:01:24.278 +05:30 [INF] Executed action FoodOrderingSystemAPI.Controllers.MenuController.GetAllFoodCategoriesAsync (FoodOrderingSystemAPI) in 28.7615ms
2023-12-30 21:01:24.278 +05:30 [INF] Executed endpoint 'FoodOrderingSystemAPI.Controllers.MenuController.GetAllFoodCategoriesAsync (FoodOrderingSystemAPI)'
2023-12-30 21:01:24.278 +05:30 [INF] Request finished HTTP/1.1 GET http://localhost:5038/api/Menu/Categories - - - 200 - application/json;+charset=utf-8 32.5453ms
2023-12-30 21:01:24.305 +05:30 [INF] Request starting HTTP/1.1 OPTIONS http://localhost:5038/api/logs - -
2023-12-30 21:01:24.305 +05:30 [INF] CORS policy execution successful.
2023-12-30 21:01:24.305 +05:30 [INF] Request finished HTTP/1.1 OPTIONS http://localhost:5038/api/logs - - - 204 - - 0.6005ms
2023-12-30 21:01:24.307 +05:30 [INF] Request starting HTTP/1.1 POST http://localhost:5038/api/logs application/json 87
2023-12-30 21:01:24.307 +05:30 [INF] CORS policy execution successful.
2023-12-30 21:01:24.308 +05:30 [INF] Executing endpoint 'LogsController.LogMessage (FoodOrderingSystemAPI)'
2023-12-30 21:01:24.308 +05:30 [INF] Route matched with {action = "LogMessage", controller = "Logs"}. Executing controller action with signature Microsoft.AspNetCore.Mvc.IActionResult LogMessage(FoodOrderingSystemAPI.Models.LogModel) on controller LogsController (FoodOrderingSystemAPI).
2023-12-30 21:01:24.309 +05:30 [INF] LogMessage: Fetched menu items successfully., Severity: Information
2023-12-30 21:01:24.310 +05:30 [INF] Executing StatusCodeResult, setting HTTP status code 200
2023-12-30 21:01:24.310 +05:30 [INF] Executed action LogsController.LogMessage (FoodOrderingSystemAPI) in 1.9747ms
2023-12-30 21:01:24.310 +05:30 [INF] Executed endpoint 'LogsController.LogMessage (FoodOrderingSystemAPI)'
2023-12-30 21:01:24.310 +05:30 [INF] Request finished HTTP/1.1 POST http://localhost:5038/api/logs application/json 87 - 200 0 - 2.9788ms
2023-12-30 21:02:24.904 +05:30 [INF] Request starting HTTP/1.1 GET http://localhost:5038/api/Menu/Gallery - -
2023-12-30 21:02:24.904 +05:30 [INF] CORS policy execution successful.
2023-12-30 21:02:24.904 +05:30 [INF] Executing endpoint 'FoodOrderingSystemAPI.Controllers.MenuController.GetGalleryItemsAsync (FoodOrderingSystemAPI)'
2023-12-30 21:02:24.904 +05:30 [INF] Route matched with {action = "GetGalleryItems", controller = "Menu"}. Executing controller action with signature System.Threading.Tasks.Task`1[Microsoft.AspNetCore.Mvc.IActionResult] GetGalleryItemsAsync() on controller FoodOrderingSystemAPI.Controllers.MenuController (FoodOrderingSystemAPI).
2023-12-30 21:02:24.911 +05:30 [INF] Executed DbCommand (5ms) [Parameters=[], CommandType='"Text"', CommandTimeout='30']
SELECT [f].[id], [f].[FoodCategoryname], [f].[IsInGallery], [f].[calories], [f].[category], [f].[description], [f].[imageUrl], [f].[isVegan], [f].[name], [f].[price]
FROM [FoodItems] AS [f]
WHERE [f].[IsInGallery] = CAST(1 AS bit)
2023-12-30 21:02:24.915 +05:30 [INF] Executing OkObjectResult, writing value of type 'System.Collections.Generic.List`1[[FoodOrderingSystemAPI.Models.FoodItem, FoodOrderingSystemAPI, Version=1.0.0.0, Culture=neutral, PublicKeyToken=null]]'.
2023-12-30 21:02:24.916 +05:30 [INF] Executed action FoodOrderingSystemAPI.Controllers.MenuController.GetGalleryItemsAsync (FoodOrderingSystemAPI) in 11.5248ms
2023-12-30 21:02:24.916 +05:30 [INF] Executed endpoint 'FoodOrderingSystemAPI.Controllers.MenuController.GetGalleryItemsAsync (FoodOrderingSystemAPI)'
2023-12-30 21:02:24.916 +05:30 [INF] Request finished HTTP/1.1 GET http://localhost:5038/api/Menu/Gallery - - - 200 - application/json;+charset=utf-8 12.6262ms
2023-12-30 21:02:24.938 +05:30 [INF] Request starting HTTP/1.1 OPTIONS http://localhost:5038/api/logs - -
2023-12-30 21:02:24.939 +05:30 [INF] CORS policy execution successful.
2023-12-30 21:02:24.939 +05:30 [INF] Request finished HTTP/1.1 OPTIONS http://localhost:5038/api/logs - - - 204 - - 0.3441ms
2023-12-30 21:02:24.940 +05:30 [INF] Request starting HTTP/1.1 POST http://localhost:5038/api/logs application/json 90
2023-12-30 21:02:24.940 +05:30 [INF] CORS policy execution successful.
2023-12-30 21:02:24.940 +05:30 [INF] Executing endpoint 'LogsController.LogMessage (FoodOrderingSystemAPI)'
2023-12-30 21:02:24.940 +05:30 [INF] Route matched with {action = "LogMessage", controller = "Logs"}. Executing controller action with signature Microsoft.AspNetCore.Mvc.IActionResult LogMessage(FoodOrderingSystemAPI.Models.LogModel) on controller LogsController (FoodOrderingSystemAPI).
2023-12-30 21:02:24.941 +05:30 [INF] LogMessage: Fetched gallery items successfully., Severity: Information
2023-12-30 21:02:24.941 +05:30 [INF] Executing StatusCodeResult, setting HTTP status code 200
2023-12-30 21:02:24.941 +05:30 [INF] Executed action LogsController.LogMessage (FoodOrderingSystemAPI) in 0.626ms
2023-12-30 21:02:24.941 +05:30 [INF] Executed endpoint 'LogsController.LogMessage (FoodOrderingSystemAPI)'
2023-12-30 21:02:24.941 +05:30 [INF] Request finished HTTP/1.1 POST http://localhost:5038/api/logs application/json 90 - 200 0 - 1.0908ms
